[asctime][Thread-2:16276][task_id:shorturlapp.views][views.py:82][ERROR][long_url:cfdscda格式错误]
[asctime][MainThread:10520][task_id:shorturlapp.views][views.py:82][ERROR][long_url:www.bai-du.com/1?dsaf!3@.sdf-格式错误]
[asctime][MainThread:10520][task_id:shorturlapp.views][views.py:82][ERROR][long_url:http://www.baidu.co-m/1?dsaf!3@.sdf-格式错误]
[asctime][MainThread:10520][task_id:shorturlapp.views][views.py:82][ERROR][long_url:http://www.baid@u.co-m/1?dsaf!3@.sdf-格式错误]
[asctime][MainThread:10520][task_id:shorturlapp.views][views.py:82][ERROR][long_url:http://fdsafdasfsaf/1?dsaf!3@.sdf-格式错误]
[asctime][MainThread:10520][task_id:shorturlapp.views][views.py:82][ERROR][long_url:http://fdafasfsafdsaf格式错误]
[asctime][MainThread:10520][task_id:shorturlapp.views][views.py:82][ERROR][long_url:http://fdafasfsafdsaf/格式错误]
[asctime][MainThread:10520][task_id:shorturlapp.views][views.py:82][ERROR][long_url:http:///fdafasfsafdsaf/格式错误]
[asctime][MainThread:10520][task_id:shorturlapp.views][views.py:98][ERROR][长链接:http://www.adfsafdfdsafsadfasfasfasfasfdsafsafsadfsafdsafvdsfgfdggfdsgsdfgsdfgdsgfdsgsdfgsdfgsdfgdsfgsdfgsdfgsdfgsdfgdsfgsdfgsdfgsfdgfdsgsdfgsdgfsdgsfdgsdfgsdfgsdfgsdfgdsfg-gfdsgfdsgsfdgds-fg-dfsg-dfsggfdsgfsdgsdfgsdfgsdfgdsfgsdfgdsfgsdfgsdfgsdfgsdfvdsfgdsfgdfgdfsgsdfggfdsgsdfgsdfgfdsgsdfgsdgfsdgsdfgsdfgsdfgsdfgsdfgdfgdfsgsdfgsgfsdgsfdggfdsgsdfgsdfgsdfgsdfgsdfgsdfgfdsgsdfgsdfgdsfgdfsgdsfgsdfgsdfgdsfgdfgfdsafasdfasdfa.com超出最大长度:200]
[asctime][MainThread:10520][task_id:shorturlapp.url_handle][url_handle.py:200][ERROR][输入的短链接key:a阿萨!#$%!含有非法字符]
[asctime][MainThread:10520][task_id:shorturlapp.views][views.py:94][ERROR][输入的短链接key:a阿萨!#$%!有误]
[asctime][MainThread:10520][task_id:shorturlapp.url_handle][url_handle.py:197][ERROR][输入的短链接key:admin已存在]
[asctime][MainThread:10520][task_id:shorturlapp.views][views.py:90][ERROR][短链接:admin已被使用]
[asctime][MainThread:10520][task_id:shorturlapp.url_handle][url_handle.py:197][ERROR][输入的短链接key:setshorturl?123已存在]
[asctime][MainThread:10520][task_id:shorturlapp.views][views.py:90][ERROR][短链接:setshorturl?123已被使用]
[asctime][MainThread:10520][task_id:shorturlapp.url_handle][url_handle.py:197][ERROR][输入的短链接key:admin/123已存在]
[asctime][MainThread:10520][task_id:shorturlapp.views][views.py:90][ERROR][短链接:admin/123已被使用]
[asctime][MainThread:10520][task_id:shorturlapp.url_handle][url_handle.py:200][ERROR][输入的短链接key:admindd?含有非法字符]
[asctime][MainThread:10520][task_id:shorturlapp.views][views.py:94][ERROR][输入的短链接key:admindd?有误]
[asctime][MainThread:10520][task_id:shorturlapp.url_handle][url_handle.py:200][ERROR][输入的短链接key:admindd/含有非法字符]
[asctime][MainThread:10520][task_id:shorturlapp.views][views.py:94][ERROR][输入的短链接key:admindd/有误]
[asctime][MainThread:10520][task_id:shorturlapp.url_handle][url_handle.py:200][ERROR][输入的短链接key:admindd\含有非法字符]
[asctime][MainThread:10520][task_id:shorturlapp.views][views.py:94][ERROR][输入的短链接key:admindd\有误]
[asctime][MainThread:10520][task_id:shorturlapp.views][views.py:102][ERROR][短链接key:qqqqqqqqqqqqqqqqqqqqqqqqqqqqqqqqqqqqqqqqqqqqqqqqqqqqqqqqqqqqqqqqqqqqqqqqqqqqqqqqqqqqqqqqqqqqqqqqqqqqqqqqqqqqqqqqqqqqqqqqqqqqqqqqqqqqqqqqqqqqqqqqqqqqqqqqqqqqqqqqqqqqqqqqqqqqqqqqqqqqqq超出最大长度:50]
[asctime][MainThread:14824][task_id:shorturlapp.views][views.py:82][ERROR][long_url:www.bai-du.com/1?dsaf!3@.sdf-格式错误]
[asctime][MainThread:14824][task_id:shorturlapp.views][views.py:82][ERROR][long_url:http://www.baidu.co-m/1?dsaf!3@.sdf-格式错误]
[asctime][MainThread:14824][task_id:shorturlapp.views][views.py:82][ERROR][long_url:http://www.baid@u.co-m/1?dsaf!3@.sdf-格式错误]
[asctime][MainThread:14824][task_id:shorturlapp.views][views.py:82][ERROR][long_url:http://fdsafdasfsaf/1?dsaf!3@.sdf-格式错误]
[asctime][MainThread:14824][task_id:shorturlapp.views][views.py:82][ERROR][long_url:http://fdafasfsafdsaf格式错误]
[asctime][MainThread:14824][task_id:shorturlapp.views][views.py:82][ERROR][long_url:http://fdafasfsafdsaf/格式错误]
[asctime][MainThread:14824][task_id:shorturlapp.views][views.py:82][ERROR][long_url:http:///fdafasfsafdsaf/格式错误]
[asctime][MainThread:14824][task_id:shorturlapp.views][views.py:98][ERROR][长链接:http://www.adfsafdfdsafsadfasfasfasfasfdsafsafsadfsafdsafvdsfgfdggfdsgsdfgsdfgdsgfdsgsdfgsdfgsdfgdsfgsdfgsdfgsdfgsdfgdsfgsdfgsdfgsfdgfdsgsdfgsdgfsdgsfdgsdfgsdfgsdfgsdfgdsfg-gfdsgfdsgsfdgds-fg-dfsg-dfsggfdsgfsdgsdfgsdfgsdfgdsfgsdfgdsfgsdfgsdfgsdfgsdfvdsfgdsfgdfgdfsgsdfggfdsgsdfgsdfgfdsgsdfgsdgfsdgsdfgsdfgsdfgsdfgsdfgdfgdfsgsdfgsgfsdgsfdggfdsgsdfgsdfgsdfgsdfgsdfgsdfgfdsgsdfgsdfgdsfgdfsgdsfgsdfgsdfgdsfgdfgfdsafasdfasdfa.com超出最大长度:200]
[asctime][MainThread:14824][task_id:shorturlapp.url_handle][url_handle.py:200][ERROR][输入的短链接key:a阿萨!#$%!含有非法字符]
[asctime][MainThread:14824][task_id:shorturlapp.views][views.py:94][ERROR][输入的短链接key:a阿萨!#$%!有误]
[asctime][MainThread:14824][task_id:shorturlapp.url_handle][url_handle.py:197][ERROR][输入的短链接key:admin已存在]
[asctime][MainThread:14824][task_id:shorturlapp.views][views.py:90][ERROR][短链接:admin已被使用]
[asctime][MainThread:14824][task_id:shorturlapp.url_handle][url_handle.py:197][ERROR][输入的短链接key:setshorturl?123已存在]
[asctime][MainThread:14824][task_id:shorturlapp.views][views.py:90][ERROR][短链接:setshorturl?123已被使用]
[asctime][MainThread:14824][task_id:shorturlapp.url_handle][url_handle.py:197][ERROR][输入的短链接key:admin/123已存在]
[asctime][MainThread:14824][task_id:shorturlapp.views][views.py:90][ERROR][短链接:admin/123已被使用]
[asctime][MainThread:14824][task_id:shorturlapp.url_handle][url_handle.py:200][ERROR][输入的短链接key:admindd?含有非法字符]
[asctime][MainThread:14824][task_id:shorturlapp.views][views.py:94][ERROR][输入的短链接key:admindd?有误]
[asctime][MainThread:14824][task_id:shorturlapp.url_handle][url_handle.py:200][ERROR][输入的短链接key:admindd/含有非法字符]
[asctime][MainThread:14824][task_id:shorturlapp.views][views.py:94][ERROR][输入的短链接key:admindd/有误]
[asctime][MainThread:14824][task_id:shorturlapp.url_handle][url_handle.py:200][ERROR][输入的短链接key:admindd\含有非法字符]
[asctime][MainThread:14824][task_id:shorturlapp.views][views.py:94][ERROR][输入的短链接key:admindd\有误]
[asctime][MainThread:14824][task_id:shorturlapp.views][views.py:102][ERROR][短链接key:qqqqqqqqqqqqqqqqqqqqqqqqqqqqqqqqqqqqqqqqqqqqqqqqqqqqqqqqqqqqqqqqqqqqqqqqqqqqqqqqqqqqqqqqqqqqqqqqqqqqqqqqqqqqqqqqqqqqqqqqqqqqqqqqqqqqqqqqqqqqqqqqqqqqqqqqqqqqqqqqqqqqqqqqqqqqqqqqqqqqqq超出最大长度:50]
[asctime][MainThread:4056][task_id:shorturlapp.views][views.py:82][ERROR][long_url:www.bai-du.com/1?dsaf!3@.sdf-格式错误]
[asctime][MainThread:4056][task_id:shorturlapp.views][views.py:82][ERROR][long_url:http://www.baidu.co-m/1?dsaf!3@.sdf-格式错误]
[asctime][MainThread:4056][task_id:shorturlapp.views][views.py:82][ERROR][long_url:http://www.baid@u.co-m/1?dsaf!3@.sdf-格式错误]
[asctime][MainThread:4056][task_id:shorturlapp.views][views.py:82][ERROR][long_url:http://fdsafdasfsaf/1?dsaf!3@.sdf-格式错误]
[asctime][MainThread:4056][task_id:shorturlapp.views][views.py:82][ERROR][long_url:http://fdafasfsafdsaf格式错误]
[asctime][MainThread:4056][task_id:shorturlapp.views][views.py:82][ERROR][long_url:http://fdafasfsafdsaf/格式错误]
[asctime][MainThread:4056][task_id:shorturlapp.views][views.py:82][ERROR][long_url:http:///fdafasfsafdsaf/格式错误]
[asctime][MainThread:4056][task_id:shorturlapp.views][views.py:98][ERROR][长链接:http://www.adfsafdfdsafsadfasfasfasfasfdsafsafsadfsafdsafvdsfgfdggfdsgsdfgsdfgdsgfdsgsdfgsdfgsdfgdsfgsdfgsdfgsdfgsdfgdsfgsdfgsdfgsfdgfdsgsdfgsdgfsdgsfdgsdfgsdfgsdfgsdfgdsfg-gfdsgfdsgsfdgds-fg-dfsg-dfsggfdsgfsdgsdfgsdfgsdfgdsfgsdfgdsfgsdfgsdfgsdfgsdfvdsfgdsfgdfgdfsgsdfggfdsgsdfgsdfgfdsgsdfgsdgfsdgsdfgsdfgsdfgsdfgsdfgdfgdfsgsdfgsgfsdgsfdggfdsgsdfgsdfgsdfgsdfgsdfgsdfgfdsgsdfgsdfgdsfgdfsgdsfgsdfgsdfgdsfgdfgfdsafasdfasdfa.com超出最大长度:200]
[asctime][MainThread:4056][task_id:shorturlapp.url_handle][url_handle.py:200][ERROR][输入的短链接key:a阿萨!#$%!含有非法字符]
[asctime][MainThread:4056][task_id:shorturlapp.views][views.py:94][ERROR][输入的短链接key:a阿萨!#$%!有误]
[asctime][MainThread:4056][task_id:shorturlapp.url_handle][url_handle.py:197][ERROR][输入的短链接key:admin已存在]
[asctime][MainThread:4056][task_id:shorturlapp.views][views.py:90][ERROR][短链接:admin已被使用]
[asctime][MainThread:4056][task_id:shorturlapp.url_handle][url_handle.py:197][ERROR][输入的短链接key:setshorturl?123已存在]
[asctime][MainThread:4056][task_id:shorturlapp.views][views.py:90][ERROR][短链接:setshorturl?123已被使用]
[asctime][MainThread:4056][task_id:shorturlapp.url_handle][url_handle.py:197][ERROR][输入的短链接key:admin/123已存在]
[asctime][MainThread:4056][task_id:shorturlapp.views][views.py:90][ERROR][短链接:admin/123已被使用]
[asctime][MainThread:4056][task_id:shorturlapp.url_handle][url_handle.py:200][ERROR][输入的短链接key:admindd?含有非法字符]
[asctime][MainThread:4056][task_id:shorturlapp.views][views.py:94][ERROR][输入的短链接key:admindd?有误]
[asctime][MainThread:4056][task_id:shorturlapp.url_handle][url_handle.py:200][ERROR][输入的短链接key:admindd/含有非法字符]
[asctime][MainThread:4056][task_id:shorturlapp.views][views.py:94][ERROR][输入的短链接key:admindd/有误]
[asctime][MainThread:4056][task_id:shorturlapp.url_handle][url_handle.py:200][ERROR][输入的短链接key:admindd\含有非法字符]
[asctime][MainThread:4056][task_id:shorturlapp.views][views.py:94][ERROR][输入的短链接key:admindd\有误]
[asctime][MainThread:4056][task_id:shorturlapp.views][views.py:102][ERROR][短链接key:qqqqqqqqqqqqqqqqqqqqqqqqqqqqqqqqqqqqqqqqqqqqqqqqqqqqqqqqqqqqqqqqqqqqqqqqqqqqqqqqqqqqqqqqqqqqqqqqqqqqqqqqqqqqqqqqqqqqqqqqqqqqqqqqqqqqqqqqqqqqqqqqqqqqqqqqqqqqqqqqqqqqqqqqqqqqqqqqqqqqqq超出最大长度:50]
[asctime][MainThread:6952][task_id:shorturlapp.views][views.py:82][ERROR][long_url:www.bai-du.com/1?dsaf!3@.sdf-格式错误]
[asctime][MainThread:6952][task_id:shorturlapp.views][views.py:82][ERROR][long_url:http://www.baidu.co-m/1?dsaf!3@.sdf-格式错误]
[asctime][MainThread:6952][task_id:shorturlapp.views][views.py:82][ERROR][long_url:http://www.baid@u.co-m/1?dsaf!3@.sdf-格式错误]
[asctime][MainThread:6952][task_id:shorturlapp.views][views.py:82][ERROR][long_url:http://fdsafdasfsaf/1?dsaf!3@.sdf-格式错误]
[asctime][MainThread:6952][task_id:shorturlapp.views][views.py:82][ERROR][long_url:http://fdafasfsafdsaf格式错误]
[asctime][MainThread:6952][task_id:shorturlapp.views][views.py:82][ERROR][long_url:http://fdafasfsafdsaf/格式错误]
[asctime][MainThread:6952][task_id:shorturlapp.views][views.py:82][ERROR][long_url:http:///fdafasfsafdsaf/格式错误]
[asctime][MainThread:6952][task_id:shorturlapp.views][views.py:98][ERROR][长链接:http://www.adfsafdfdsafsadfasfasfasfasfdsafsafsadfsafdsafvdsfgfdggfdsgsdfgsdfgdsgfdsgsdfgsdfgsdfgdsfgsdfgsdfgsdfgsdfgdsfgsdfgsdfgsfdgfdsgsdfgsdgfsdgsfdgsdfgsdfgsdfgsdfgdsfg-gfdsgfdsgsfdgds-fg-dfsg-dfsggfdsgfsdgsdfgsdfgsdfgdsfgsdfgdsfgsdfgsdfgsdfgsdfvdsfgdsfgdfgdfsgsdfggfdsgsdfgsdfgfdsgsdfgsdgfsdgsdfgsdfgsdfgsdfgsdfgdfgdfsgsdfgsgfsdgsfdggfdsgsdfgsdfgsdfgsdfgsdfgsdfgfdsgsdfgsdfgdsfgdfsgdsfgsdfgsdfgdsfgdfgfdsafasdfasdfa.com超出最大长度:200]
[asctime][MainThread:6952][task_id:shorturlapp.url_handle][url_handle.py:200][ERROR][输入的短链接key:a阿萨!#$%!含有非法字符]
[asctime][MainThread:6952][task_id:shorturlapp.views][views.py:94][ERROR][输入的短链接key:a阿萨!#$%!有误]
[asctime][MainThread:6952][task_id:shorturlapp.url_handle][url_handle.py:197][ERROR][输入的短链接key:admin已存在]
[asctime][MainThread:6952][task_id:shorturlapp.views][views.py:90][ERROR][短链接:admin已被使用]
[asctime][MainThread:6952][task_id:shorturlapp.url_handle][url_handle.py:197][ERROR][输入的短链接key:setshorturl?123已存在]
[asctime][MainThread:6952][task_id:shorturlapp.views][views.py:90][ERROR][短链接:setshorturl?123已被使用]
[asctime][MainThread:6952][task_id:shorturlapp.url_handle][url_handle.py:197][ERROR][输入的短链接key:admin/123已存在]
[asctime][MainThread:6952][task_id:shorturlapp.views][views.py:90][ERROR][短链接:admin/123已被使用]
[asctime][MainThread:6952][task_id:shorturlapp.url_handle][url_handle.py:200][ERROR][输入的短链接key:admindd?含有非法字符]
[asctime][MainThread:6952][task_id:shorturlapp.views][views.py:94][ERROR][输入的短链接key:admindd?有误]
[asctime][MainThread:6952][task_id:shorturlapp.url_handle][url_handle.py:200][ERROR][输入的短链接key:admindd/含有非法字符]
[asctime][MainThread:6952][task_id:shorturlapp.views][views.py:94][ERROR][输入的短链接key:admindd/有误]
[asctime][MainThread:6952][task_id:shorturlapp.url_handle][url_handle.py:200][ERROR][输入的短链接key:admindd\含有非法字符]
[asctime][MainThread:6952][task_id:shorturlapp.views][views.py:94][ERROR][输入的短链接key:admindd\有误]
[asctime][MainThread:6952][task_id:shorturlapp.views][views.py:102][ERROR][短链接key:qqqqqqqqqqqqqqqqqqqqqqqqqqqqqqqqqqqqqqqqqqqqqqqqqqqqqqqqqqqqqqqqqqqqqqqqqqqqqqqqqqqqqqqqqqqqqqqqqqqqqqqqqqqqqqqqqqqqqqqqqqqqqqqqqqqqqqqqqqqqqqqqqqqqqqqqqqqqqqqqqqqqqqqqqqqqqqqqqqqqqq超出最大长度:50]
[asctime][MainThread:8140][task_id:shorturlapp.views][views.py:82][ERROR][long_url:www.bai-du.com/1?dsaf!3@.sdf-格式错误]
[asctime][MainThread:8140][task_id:shorturlapp.views][views.py:82][ERROR][long_url:http://www.baidu.co-m/1?dsaf!3@.sdf-格式错误]
[asctime][MainThread:8140][task_id:shorturlapp.views][views.py:82][ERROR][long_url:http://www.baid@u.co-m/1?dsaf!3@.sdf-格式错误]
[asctime][MainThread:8140][task_id:shorturlapp.views][views.py:82][ERROR][long_url:http://fdsafdasfsaf/1?dsaf!3@.sdf-格式错误]
[asctime][MainThread:8140][task_id:shorturlapp.views][views.py:82][ERROR][long_url:http://fdafasfsafdsaf格式错误]
[asctime][MainThread:8140][task_id:shorturlapp.views][views.py:82][ERROR][long_url:http://fdafasfsafdsaf/格式错误]
[asctime][MainThread:8140][task_id:shorturlapp.views][views.py:82][ERROR][long_url:http:///fdafasfsafdsaf/格式错误]
[asctime][MainThread:8140][task_id:shorturlapp.views][views.py:98][ERROR][长链接:http://www.adfsafdfdsafsadfasfasfasfasfdsafsafsadfsafdsafvdsfgfdggfdsgsdfgsdfgdsgfdsgsdfgsdfgsdfgdsfgsdfgsdfgsdfgsdfgdsfgsdfgsdfgsfdgfdsgsdfgsdgfsdgsfdgsdfgsdfgsdfgsdfgdsfg-gfdsgfdsgsfdgds-fg-dfsg-dfsggfdsgfsdgsdfgsdfgsdfgdsfgsdfgdsfgsdfgsdfgsdfgsdfvdsfgdsfgdfgdfsgsdfggfdsgsdfgsdfgfdsgsdfgsdgfsdgsdfgsdfgsdfgsdfgsdfgdfgdfsgsdfgsgfsdgsfdggfdsgsdfgsdfgsdfgsdfgsdfgsdfgfdsgsdfgsdfgdsfgdfsgdsfgsdfgsdfgdsfgdfgfdsafasdfasdfa.com超出最大长度:200]
[asctime][MainThread:8140][task_id:shorturlapp.url_handle][url_handle.py:200][ERROR][输入的短链接key:a阿萨!#$%!含有非法字符]
[asctime][MainThread:8140][task_id:shorturlapp.views][views.py:94][ERROR][输入的短链接key:a阿萨!#$%!有误]
[asctime][MainThread:8140][task_id:shorturlapp.url_handle][url_handle.py:197][ERROR][输入的短链接key:admin已存在]
[asctime][MainThread:8140][task_id:shorturlapp.views][views.py:90][ERROR][短链接:admin已被使用]
[asctime][MainThread:8140][task_id:shorturlapp.url_handle][url_handle.py:197][ERROR][输入的短链接key:setshorturl?123已存在]
[asctime][MainThread:8140][task_id:shorturlapp.views][views.py:90][ERROR][短链接:setshorturl?123已被使用]
[asctime][MainThread:8140][task_id:shorturlapp.url_handle][url_handle.py:197][ERROR][输入的短链接key:admin/123已存在]
[asctime][MainThread:8140][task_id:shorturlapp.views][views.py:90][ERROR][短链接:admin/123已被使用]
[asctime][MainThread:8140][task_id:shorturlapp.url_handle][url_handle.py:200][ERROR][输入的短链接key:admindd?含有非法字符]
[asctime][MainThread:8140][task_id:shorturlapp.views][views.py:94][ERROR][输入的短链接key:admindd?有误]
[asctime][MainThread:8140][task_id:shorturlapp.url_handle][url_handle.py:200][ERROR][输入的短链接key:admindd/含有非法字符]
[asctime][MainThread:8140][task_id:shorturlapp.views][views.py:94][ERROR][输入的短链接key:admindd/有误]
[asctime][MainThread:8140][task_id:shorturlapp.url_handle][url_handle.py:200][ERROR][输入的短链接key:admindd\含有非法字符]
[asctime][MainThread:8140][task_id:shorturlapp.views][views.py:94][ERROR][输入的短链接key:admindd\有误]
[asctime][MainThread:8140][task_id:shorturlapp.views][views.py:102][ERROR][短链接key:qqqqqqqqqqqqqqqqqqqqqqqqqqqqqqqqqqqqqqqqqqqqqqqqqqqqqqqqqqqqqqqqqqqqqqqqqqqqqqqqqqqqqqqqqqqqqqqqqqqqqqqqqqqqqqqqqqqqqqqqqqqqqqqqqqqqqqqqqqqqqqqqqqqqqqqqqqqqqqqqqqqqqqqqqqqqqqqqqqqqqq超出最大长度:50]
[asctime][MainThread:12084][task_id:django.request][log.py:228][ERROR][Internal Server Error: /setshorturl/]
Traceback (most recent call last):
  File "C:\Users\gouke\PycharmProjects\ShortUrl\shorturlapp\views.py", line 70, in set_short_url
    find_obj = Info.objects.get(long_url=long_url)  # 测试长连接是否已存在，如用户未传入自定义的短链接key，则返回已有的短链接key
  File "C:\Users\gouke\AppData\Local\Programs\Python\Python36\lib\site-packages\django\db\models\manager.py", line 82, in manager_method
    return getattr(self.get_queryset(), name)(*args, **kwargs)
  File "C:\Users\gouke\AppData\Local\Programs\Python\Python36\lib\site-packages\django\db\models\query.py", line 399, in get
    self.model._meta.object_name
shorturlapp.models.Info.DoesNotExist: Info matching query does not exist.

During handling of the above exception, another exception occurred:

Traceback (most recent call last):
  File "C:\Users\gouke\AppData\Local\Programs\Python\Python36\lib\site-packages\django\core\handlers\exception.py", line 34, in inner
    response = get_response(request)
  File "C:\Users\gouke\AppData\Local\Programs\Python\Python36\lib\site-packages\django\core\handlers\base.py", line 126, in _get_response
    response = self.process_exception_by_middleware(e, request)
  File "C:\Users\gouke\AppData\Local\Programs\Python\Python36\lib\site-packages\django\core\handlers\base.py", line 124, in _get_response
    response = wrapped_callback(request, *callback_args, **callback_kwargs)
  File "C:\Users\gouke\PycharmProjects\ShortUrl\shorturlapp\views.py", line 78, in set_short_url
    short_url = url_handle.run(long_url=long_url, short_url=short_url)  # 获取新的短链接key
  File "C:\Users\gouke\PycharmProjects\ShortUrl\shorturlapp\url_handle.py", line 202, in run
    self.get_short_url()  # 用户未传入短链接key，调用函数生成
  File "C:\Users\gouke\PycharmProjects\ShortUrl\shorturlapp\url_handle.py", line 165, in get_short_url
    if self.check_short_url() == STATUS_CODE['OK']:  # 检查生成的短链接key是否合法，有可能会重复
  File "C:\Users\gouke\PycharmProjects\ShortUrl\shorturlapp\url_handle.py", line 100, in check_short_url
    Info.objects.get(short_url=self.short_url)  # 判断是否和已有的短链接key重合
  File "C:\Users\gouke\AppData\Local\Programs\Python\Python36\lib\site-packages\django\db\models\manager.py", line 82, in manager_method
    return getattr(self.get_queryset(), name)(*args, **kwargs)
  File "C:\Users\gouke\AppData\Local\Programs\Python\Python36\lib\site-packages\django\db\models\query.py", line 393, in get
    num = len(clone)
  File "C:\Users\gouke\AppData\Local\Programs\Python\Python36\lib\site-packages\django\db\models\query.py", line 250, in __len__
    self._fetch_all()
  File "C:\Users\gouke\AppData\Local\Programs\Python\Python36\lib\site-packages\django\db\models\query.py", line 1183, in _fetch_all
    self._result_cache = list(self._iterable_class(self))
  File "C:\Users\gouke\AppData\Local\Programs\Python\Python36\lib\site-packages\django\db\models\query.py", line 54, in __iter__
    results = compiler.execute_sql(chunked_fetch=self.chunked_fetch, chunk_size=self.chunk_size)
  File "C:\Users\gouke\AppData\Local\Programs\Python\Python36\lib\site-packages\django\db\models\sql\compiler.py", line 1061, in execute_sql
    cursor.execute(sql, params)
  File "C:\Users\gouke\AppData\Local\Programs\Python\Python36\lib\site-packages\django\db\backends\utils.py", line 68, in execute
    return self._execute_with_wrappers(sql, params, many=False, executor=self._execute)
  File "C:\Users\gouke\AppData\Local\Programs\Python\Python36\lib\site-packages\django\db\backends\utils.py", line 77, in _execute_with_wrappers
    return executor(sql, params, many, context)
  File "C:\Users\gouke\AppData\Local\Programs\Python\Python36\lib\site-packages\django\db\backends\utils.py", line 85, in _execute
    return self.cursor.execute(sql, params)
  File "C:\Users\gouke\AppData\Local\Programs\Python\Python36\lib\site-packages\django\db\backends\mysql\base.py", line 71, in execute
    return self.cursor.execute(query, args)
  File "C:\Users\gouke\AppData\Roaming\Python\Python36\site-packages\pymysql\cursors.py", line 170, in execute
    result = self._query(query)
  File "C:\Users\gouke\AppData\Roaming\Python\Python36\site-packages\pymysql\cursors.py", line 328, in _query
    conn.query(q)
  File "C:\Users\gouke\AppData\Roaming\Python\Python36\site-packages\pymysql\connections.py", line 515, in query
    sql = sql.encode(self.encoding, 'surrogateescape')
UnicodeEncodeError: 'utf-8' codec can't encode character '\ud8e6' in position 162: surrogates not allowed
[asctime][MainThread:12084][task_id:shorturlapp.url_handle][url_handle.py:197][ERROR][输入的短链接key:123456789已存在]
[asctime][MainThread:12084][task_id:shorturlapp.views][views.py:90][ERROR][短链接:123456789已被使用]
[asctime][MainThread:12084][task_id:shorturlapp.url_handle][url_handle.py:200][ERROR][输入的短链接key:a阿萨!#$%!含有非法字符]
[asctime][MainThread:12084][task_id:shorturlapp.views][views.py:94][ERROR][输入的短链接key:a阿萨!#$%!有误]
[asctime][MainThread:12084][task_id:shorturlapp.url_handle][url_handle.py:197][ERROR][输入的短链接key:admin已存在]
[asctime][MainThread:12084][task_id:shorturlapp.views][views.py:90][ERROR][短链接:admin已被使用]
[asctime][MainThread:12084][task_id:shorturlapp.url_handle][url_handle.py:197][ERROR][输入的短链接key:setshorturl?123已存在]
[asctime][MainThread:12084][task_id:shorturlapp.views][views.py:90][ERROR][短链接:setshorturl?123已被使用]
[asctime][MainThread:12084][task_id:shorturlapp.url_handle][url_handle.py:197][ERROR][输入的短链接key:admin/123已存在]
[asctime][MainThread:12084][task_id:shorturlapp.views][views.py:90][ERROR][短链接:admin/123已被使用]
[asctime][MainThread:12084][task_id:shorturlapp.url_handle][url_handle.py:200][ERROR][输入的短链接key:admindd?含有非法字符]
[asctime][MainThread:12084][task_id:shorturlapp.views][views.py:94][ERROR][输入的短链接key:admindd?有误]
[asctime][MainThread:12084][task_id:shorturlapp.url_handle][url_handle.py:200][ERROR][输入的短链接key:admindd/含有非法字符]
[asctime][MainThread:12084][task_id:shorturlapp.views][views.py:94][ERROR][输入的短链接key:admindd/有误]
[asctime][MainThread:12084][task_id:shorturlapp.url_handle][url_handle.py:200][ERROR][输入的短链接key:admindd\含有非法字符]
[asctime][MainThread:12084][task_id:shorturlapp.views][views.py:94][ERROR][输入的短链接key:admindd\有误]
[asctime][MainThread:12084][task_id:shorturlapp.views][views.py:102][ERROR][短链接key:qqqqqqqqqqqqqqqqqqqqqqqqqqqqqqqqqqqqqqqqqqqqqqqqqqqqqqqqqqqqqqqqqqqqqqqqqqqqqqqqqqqqqqqqqqqqqqqqqqqqqqqqqqqqqqqqqqqqqqqqqqqqqqqqqqqqqqqqqqqqqqqqqqqqqqqqqqqqqqqqqqqqqqqqqqqqqqqqqqqqqq超出最大长度:50]
[asctime][MainThread:5524][task_id:shorturlapp.views][views.py:82][ERROR][long_url:www.bai-du.com/1?dsaf!3@.sdf-格式错误]
[asctime][MainThread:5524][task_id:shorturlapp.views][views.py:82][ERROR][long_url:http://www.baidu.co-m/1?dsaf!3@.sdf-格式错误]
[asctime][MainThread:5524][task_id:shorturlapp.views][views.py:82][ERROR][long_url:http://www.baid@u.co-m/1?dsaf!3@.sdf-格式错误]
[asctime][MainThread:5524][task_id:shorturlapp.views][views.py:82][ERROR][long_url:http://fdsafdasfsaf/1?dsaf!3@.sdf-格式错误]
[asctime][MainThread:5524][task_id:shorturlapp.views][views.py:82][ERROR][long_url:http://fdafasfsafdsaf格式错误]
[asctime][MainThread:5524][task_id:shorturlapp.views][views.py:82][ERROR][long_url:http://fdafasfsafdsaf/格式错误]
[asctime][MainThread:5524][task_id:shorturlapp.views][views.py:82][ERROR][long_url:http:///fdafasfsafdsaf/格式错误]
[asctime][MainThread:5524][task_id:shorturlapp.views][views.py:98][ERROR][长链接:http://www.adfsafdfdsafsadfasfasfasfasfdsafsafsadfsafdsafvdsfgfdggfdsgsdfgsdfgdsgfdsgsdfgsdfgsdfgdsfgsdfgsdfgsdfgsdfgdsfgsdfgsdfgsfdgfdsgsdfgsdgfsdgsfdgsdfgsdfgsdfgsdfgdsfg-gfdsgfdsgsfdgds-fg-dfsg-dfsggfdsgfsdgsdfgsdfgsdfgdsfgsdfgdsfgsdfgsdfgsdfgsdfvdsfgdsfgdfgdfsgsdfggfdsgsdfgsdfgfdsgsdfgsdgfsdgsdfgsdfgsdfgsdfgsdfgdfgdfsgsdfgsgfsdgsfdggfdsgsdfgsdfgsdfgsdfgsdfgsdfgfdsgsdfgsdfgdsfgdfsgdsfgsdfgsdfgdsfgdfgfdsafasdfasdfa.com超出最大长度:200]
[asctime][MainThread:5524][task_id:shorturlapp.url_handle][url_handle.py:197][ERROR][输入的短链接key:123456789已存在]
[asctime][MainThread:5524][task_id:shorturlapp.views][views.py:90][ERROR][短链接:123456789已被使用]
[asctime][MainThread:5524][task_id:shorturlapp.url_handle][url_handle.py:200][ERROR][输入的短链接key:a阿萨!#$%!含有非法字符]
[asctime][MainThread:5524][task_id:shorturlapp.views][views.py:94][ERROR][输入的短链接key:a阿萨!#$%!有误]
[asctime][MainThread:5524][task_id:shorturlapp.url_handle][url_handle.py:197][ERROR][输入的短链接key:admin已存在]
[asctime][MainThread:5524][task_id:shorturlapp.views][views.py:90][ERROR][短链接:admin已被使用]
[asctime][MainThread:5524][task_id:shorturlapp.url_handle][url_handle.py:197][ERROR][输入的短链接key:setshorturl?123已存在]
[asctime][MainThread:5524][task_id:shorturlapp.views][views.py:90][ERROR][短链接:setshorturl?123已被使用]
[asctime][MainThread:5524][task_id:shorturlapp.url_handle][url_handle.py:197][ERROR][输入的短链接key:admin/123已存在]
[asctime][MainThread:5524][task_id:shorturlapp.views][views.py:90][ERROR][短链接:admin/123已被使用]
[asctime][MainThread:5524][task_id:shorturlapp.url_handle][url_handle.py:200][ERROR][输入的短链接key:admindd?含有非法字符]
[asctime][MainThread:5524][task_id:shorturlapp.views][views.py:94][ERROR][输入的短链接key:admindd?有误]
[asctime][MainThread:5524][task_id:shorturlapp.url_handle][url_handle.py:200][ERROR][输入的短链接key:admindd/含有非法字符]
[asctime][MainThread:5524][task_id:shorturlapp.views][views.py:94][ERROR][输入的短链接key:admindd/有误]
[asctime][MainThread:5524][task_id:shorturlapp.url_handle][url_handle.py:200][ERROR][输入的短链接key:admindd\含有非法字符]
[asctime][MainThread:5524][task_id:shorturlapp.views][views.py:94][ERROR][输入的短链接key:admindd\有误]
[asctime][MainThread:5524][task_id:shorturlapp.views][views.py:102][ERROR][短链接key:qqqqqqqqqqqqqqqqqqqqqqqqqqqqqqqqqqqqqqqqqqqqqqqqqqqqqqqqqqqqqqqqqqqqqqqqqqqqqqqqqqqqqqqqqqqqqqqqqqqqqqqqqqqqqqqqqqqqqqqqqqqqqqqqqqqqqqqqqqqqqqqqqqqqqqqqqqqqqqqqqqqqqqqqqqqqqqqqqqqqqq超出最大长度:50]
[asctime][MainThread:8488][task_id:shorturlapp.views][views.py:82][ERROR][long_url:www.bai-du.com/1?dsaf!3@.sdf-格式错误]
[asctime][MainThread:8488][task_id:shorturlapp.views][views.py:82][ERROR][long_url:http://www.baidu.co-m/1?dsaf!3@.sdf-格式错误]
[asctime][MainThread:8488][task_id:shorturlapp.views][views.py:82][ERROR][long_url:http://www.baid@u.co-m/1?dsaf!3@.sdf-格式错误]
[asctime][MainThread:8488][task_id:shorturlapp.views][views.py:82][ERROR][long_url:http://fdsafdasfsaf/1?dsaf!3@.sdf-格式错误]
[asctime][MainThread:8488][task_id:shorturlapp.views][views.py:82][ERROR][long_url:http://fdafasfsafdsaf格式错误]
[asctime][MainThread:8488][task_id:shorturlapp.views][views.py:82][ERROR][long_url:http://fdafasfsafdsaf/格式错误]
[asctime][MainThread:8488][task_id:shorturlapp.views][views.py:82][ERROR][long_url:http:///fdafasfsafdsaf/格式错误]
[asctime][MainThread:8488][task_id:shorturlapp.views][views.py:98][ERROR][长链接:http://www.adfsafdfdsafsadfasfasfasfasfdsafsafsadfsafdsafvdsfgfdggfdsgsdfgsdfgdsgfdsgsdfgsdfgsdfgdsfgsdfgsdfgsdfgsdfgdsfgsdfgsdfgsfdgfdsgsdfgsdgfsdgsfdgsdfgsdfgsdfgsdfgdsfg-gfdsgfdsgsfdgds-fg-dfsg-dfsggfdsgfsdgsdfgsdfgsdfgdsfgsdfgdsfgsdfgsdfgsdfgsdfvdsfgdsfgdfgdfsgsdfggfdsgsdfgsdfgfdsgsdfgsdgfsdgsdfgsdfgsdfgsdfgsdfgdfgdfsgsdfgsgfsdgsfdggfdsgsdfgsdfgsdfgsdfgsdfgsdfgfdsgsdfgsdfgdsfgdfsgdsfgsdfgsdfgdsfgdfgfdsafasdfasdfa.com超出最大长度:200]
[asctime][MainThread:8488][task_id:shorturlapp.url_handle][url_handle.py:197][ERROR][输入的短链接key:123456789已存在]
[asctime][MainThread:8488][task_id:shorturlapp.views][views.py:90][ERROR][短链接:123456789已被使用]
[asctime][MainThread:8488][task_id:shorturlapp.url_handle][url_handle.py:200][ERROR][输入的短链接key:a阿萨!#$%!含有非法字符]
[asctime][MainThread:8488][task_id:shorturlapp.views][views.py:94][ERROR][输入的短链接key:a阿萨!#$%!有误]
[asctime][MainThread:8488][task_id:shorturlapp.url_handle][url_handle.py:197][ERROR][输入的短链接key:admin已存在]
[asctime][MainThread:8488][task_id:shorturlapp.views][views.py:90][ERROR][短链接:admin已被使用]
[asctime][MainThread:8488][task_id:shorturlapp.url_handle][url_handle.py:197][ERROR][输入的短链接key:setshorturl?123已存在]
[asctime][MainThread:8488][task_id:shorturlapp.views][views.py:90][ERROR][短链接:setshorturl?123已被使用]
[asctime][MainThread:8488][task_id:shorturlapp.url_handle][url_handle.py:197][ERROR][输入的短链接key:admin/123已存在]
[asctime][MainThread:8488][task_id:shorturlapp.views][views.py:90][ERROR][短链接:admin/123已被使用]
[asctime][MainThread:8488][task_id:shorturlapp.url_handle][url_handle.py:200][ERROR][输入的短链接key:admindd?含有非法字符]
[asctime][MainThread:8488][task_id:shorturlapp.views][views.py:94][ERROR][输入的短链接key:admindd?有误]
[asctime][MainThread:8488][task_id:shorturlapp.url_handle][url_handle.py:200][ERROR][输入的短链接key:admindd/含有非法字符]
[asctime][MainThread:8488][task_id:shorturlapp.views][views.py:94][ERROR][输入的短链接key:admindd/有误]
[asctime][MainThread:8488][task_id:shorturlapp.url_handle][url_handle.py:200][ERROR][输入的短链接key:admindd\含有非法字符]
[asctime][MainThread:8488][task_id:shorturlapp.views][views.py:94][ERROR][输入的短链接key:admindd\有误]
[asctime][MainThread:8488][task_id:shorturlapp.views][views.py:102][ERROR][短链接key:qqqqqqqqqqqqqqqqqqqqqqqqqqqqqqqqqqqqqqqqqqqqqqqqqqqqqqqqqqqqqqqqqqqqqqqqqqqqqqqqqqqqqqqqqqqqqqqqqqqqqqqqqqqqqqqqqqqqqqqqqqqqqqqqqqqqqqqqqqqqqqqqqqqqqqqqqqqqqqqqqqqqqqqqqqqqqqqqqqqqqq超出最大长度:50]
[asctime][MainThread:8716][task_id:shorturlapp.views][views.py:82][ERROR][long_url:www.bai-du.com/1?dsaf!3@.sdf-格式错误]
[asctime][MainThread:8716][task_id:shorturlapp.views][views.py:82][ERROR][long_url:http://www.baidu.co-m/1?dsaf!3@.sdf-格式错误]
[asctime][MainThread:8716][task_id:shorturlapp.views][views.py:82][ERROR][long_url:http://www.baid@u.co-m/1?dsaf!3@.sdf-格式错误]
[asctime][MainThread:8716][task_id:shorturlapp.views][views.py:82][ERROR][long_url:http://fdsafdasfsaf/1?dsaf!3@.sdf-格式错误]
[asctime][MainThread:8716][task_id:shorturlapp.views][views.py:82][ERROR][long_url:http://fdafasfsafdsaf格式错误]
[asctime][MainThread:8716][task_id:shorturlapp.views][views.py:82][ERROR][long_url:http://fdafasfsafdsaf/格式错误]
[asctime][MainThread:8716][task_id:shorturlapp.views][views.py:82][ERROR][long_url:http:///fdafasfsafdsaf/格式错误]
[asctime][MainThread:8716][task_id:shorturlapp.views][views.py:98][ERROR][长链接:http://www.adfsafdfdsafsadfasfasfasfasfdsafsafsadfsafdsafvdsfgfdggfdsgsdfgsdfgdsgfdsgsdfgsdfgsdfgdsfgsdfgsdfgsdfgsdfgdsfgsdfgsdfgsfdgfdsgsdfgsdgfsdgsfdgsdfgsdfgsdfgsdfgdsfg-gfdsgfdsgsfdgds-fg-dfsg-dfsggfdsgfsdgsdfgsdfgsdfgdsfgsdfgdsfgsdfgsdfgsdfgsdfvdsfgdsfgdfgdfsgsdfggfdsgsdfgsdfgfdsgsdfgsdgfsdgsdfgsdfgsdfgsdfgsdfgdfgdfsgsdfgsgfsdgsfdggfdsgsdfgsdfgsdfgsdfgsdfgsdfgfdsgsdfgsdfgdsfgdfsgdsfgsdfgsdfgdsfgdfgfdsafasdfasdfa.com超出最大长度:200]
[asctime][MainThread:8716][task_id:shorturlapp.url_handle][url_handle.py:197][ERROR][输入的短链接key:123456789已存在]
[asctime][MainThread:8716][task_id:shorturlapp.views][views.py:90][ERROR][短链接:123456789已被使用]
[asctime][MainThread:8716][task_id:shorturlapp.url_handle][url_handle.py:200][ERROR][输入的短链接key:a阿萨!#$%!含有非法字符]
[asctime][MainThread:8716][task_id:shorturlapp.views][views.py:94][ERROR][输入的短链接key:a阿萨!#$%!有误]
[asctime][MainThread:8716][task_id:shorturlapp.url_handle][url_handle.py:197][ERROR][输入的短链接key:admin已存在]
[asctime][MainThread:8716][task_id:shorturlapp.views][views.py:90][ERROR][短链接:admin已被使用]
[asctime][MainThread:8716][task_id:shorturlapp.url_handle][url_handle.py:197][ERROR][输入的短链接key:setshorturl?123已存在]
[asctime][MainThread:8716][task_id:shorturlapp.views][views.py:90][ERROR][短链接:setshorturl?123已被使用]
[asctime][MainThread:8716][task_id:shorturlapp.url_handle][url_handle.py:197][ERROR][输入的短链接key:admin/123已存在]
[asctime][MainThread:8716][task_id:shorturlapp.views][views.py:90][ERROR][短链接:admin/123已被使用]
[asctime][MainThread:8716][task_id:shorturlapp.url_handle][url_handle.py:200][ERROR][输入的短链接key:admindd?含有非法字符]
[asctime][MainThread:8716][task_id:shorturlapp.views][views.py:94][ERROR][输入的短链接key:admindd?有误]
[asctime][MainThread:8716][task_id:shorturlapp.url_handle][url_handle.py:200][ERROR][输入的短链接key:admindd/含有非法字符]
[asctime][MainThread:8716][task_id:shorturlapp.views][views.py:94][ERROR][输入的短链接key:admindd/有误]
[asctime][MainThread:8716][task_id:shorturlapp.url_handle][url_handle.py:200][ERROR][输入的短链接key:admindd\含有非法字符]
[asctime][MainThread:8716][task_id:shorturlapp.views][views.py:94][ERROR][输入的短链接key:admindd\有误]
[asctime][MainThread:8716][task_id:shorturlapp.views][views.py:102][ERROR][短链接key:qqqqqqqqqqqqqqqqqqqqqqqqqqqqqqqqqqqqqqqqqqqqqqqqqqqqqqqqqqqqqqqqqqqqqqqqqqqqqqqqqqqqqqqqqqqqqqqqqqqqqqqqqqqqqqqqqqqqqqqqqqqqqqqqqqqqqqqqqqqqqqqqqqqqqqqqqqqqqqqqqqqqqqqqqqqqqqqqqqqqqq超出最大长度:50]
[asctime][MainThread:5220][task_id:shorturlapp.views][views.py:82][ERROR][long_url:www.bai-du.com/1?dsaf!3@.sdf-格式错误]
[asctime][MainThread:5220][task_id:shorturlapp.views][views.py:82][ERROR][long_url:http://www.baidu.co-m/1?dsaf!3@.sdf-格式错误]
[asctime][MainThread:5220][task_id:shorturlapp.views][views.py:82][ERROR][long_url:http://www.baid@u.co-m/1?dsaf!3@.sdf-格式错误]
[asctime][MainThread:5220][task_id:shorturlapp.views][views.py:82][ERROR][long_url:http://fdsafdasfsaf/1?dsaf!3@.sdf-格式错误]
[asctime][MainThread:5220][task_id:shorturlapp.views][views.py:82][ERROR][long_url:http://fdafasfsafdsaf格式错误]
[asctime][MainThread:5220][task_id:shorturlapp.views][views.py:82][ERROR][long_url:http://fdafasfsafdsaf/格式错误]
[asctime][MainThread:5220][task_id:shorturlapp.views][views.py:82][ERROR][long_url:http:///fdafasfsafdsaf/格式错误]
[asctime][MainThread:5220][task_id:shorturlapp.views][views.py:98][ERROR][长链接:http://www.adfsafdfdsafsadfasfasfasfasfdsafsafsadfsafdsafvdsfgfdggfdsgsdfgsdfgdsgfdsgsdfgsdfgsdfgdsfgsdfgsdfgsdfgsdfgdsfgsdfgsdfgsfdgfdsgsdfgsdgfsdgsfdgsdfgsdfgsdfgsdfgdsfg-gfdsgfdsgsfdgds-fg-dfsg-dfsggfdsgfsdgsdfgsdfgsdfgdsfgsdfgdsfgsdfgsdfgsdfgsdfvdsfgdsfgdfgdfsgsdfggfdsgsdfgsdfgfdsgsdfgsdgfsdgsdfgsdfgsdfgsdfgsdfgdfgdfsgsdfgsgfsdgsfdggfdsgsdfgsdfgsdfgsdfgsdfgsdfgfdsgsdfgsdfgdsfgdfsgdsfgsdfgsdfgdsfgdfgfdsafasdfasdfa.com超出最大长度:200]
[asctime][MainThread:5220][task_id:shorturlapp.url_handle][url_handle.py:200][ERROR][输入的短链接key:a阿萨!#$%!含有非法字符]
[asctime][MainThread:5220][task_id:shorturlapp.views][views.py:94][ERROR][输入的短链接key:a阿萨!#$%!有误]
[asctime][MainThread:5220][task_id:shorturlapp.url_handle][url_handle.py:197][ERROR][输入的短链接key:admin已存在]
[asctime][MainThread:5220][task_id:shorturlapp.views][views.py:90][ERROR][短链接:admin已被使用]
[asctime][MainThread:5220][task_id:shorturlapp.url_handle][url_handle.py:197][ERROR][输入的短链接key:setshorturl?123已存在]
[asctime][MainThread:5220][task_id:shorturlapp.views][views.py:90][ERROR][短链接:setshorturl?123已被使用]
[asctime][MainThread:5220][task_id:shorturlapp.url_handle][url_handle.py:197][ERROR][输入的短链接key:admin/123已存在]
[asctime][MainThread:5220][task_id:shorturlapp.views][views.py:90][ERROR][短链接:admin/123已被使用]
[asctime][MainThread:5220][task_id:shorturlapp.url_handle][url_handle.py:200][ERROR][输入的短链接key:admindd?含有非法字符]
[asctime][MainThread:5220][task_id:shorturlapp.views][views.py:94][ERROR][输入的短链接key:admindd?有误]
[asctime][MainThread:5220][task_id:shorturlapp.url_handle][url_handle.py:200][ERROR][输入的短链接key:admindd/含有非法字符]
[asctime][MainThread:5220][task_id:shorturlapp.views][views.py:94][ERROR][输入的短链接key:admindd/有误]
[asctime][MainThread:5220][task_id:shorturlapp.url_handle][url_handle.py:200][ERROR][输入的短链接key:admindd\含有非法字符]
[asctime][MainThread:5220][task_id:shorturlapp.views][views.py:94][ERROR][输入的短链接key:admindd\有误]
[asctime][MainThread:5220][task_id:shorturlapp.views][views.py:102][ERROR][短链接key:qqqqqqqqqqqqqqqqqqqqqqqqqqqqqqqqqqqqqqqqqqqqqqqqqqqqqqqqqqqqqqqqqqqqqqqqqqqqqqqqqqqqqqqqqqqqqqqqqqqqqqqqqqqqqqqqqqqqqqqqqqqqqqqqqqqqqqqqqqqqqqqqqqqqqqqqqqqqqqqqqqqqqqqqqqqqqqqqqqqqqq超出最大长度:50]
[asctime][MainThread:15652][task_id:django.request][log.py:228][ERROR][Internal Server Error: /setshorturl/]
Traceback (most recent call last):
  File "C:\Users\gouke\PycharmProjects\ShortUrl\shorturlapp\views.py", line 70, in set_short_url
    find_obj = Info.objects.get(long_url=long_url)  # 测试长连接是否已存在，如用户未传入自定义的短链接key，则返回已有的短链接key
  File "C:\Users\gouke\AppData\Local\Programs\Python\Python36\lib\site-packages\django\db\models\manager.py", line 82, in manager_method
    return getattr(self.get_queryset(), name)(*args, **kwargs)
  File "C:\Users\gouke\AppData\Local\Programs\Python\Python36\lib\site-packages\django\db\models\query.py", line 399, in get
    self.model._meta.object_name
shorturlapp.models.Info.DoesNotExist: Info matching query does not exist.

During handling of the above exception, another exception occurred:

Traceback (most recent call last):
  File "C:\Users\gouke\AppData\Local\Programs\Python\Python36\lib\site-packages\django\core\handlers\exception.py", line 34, in inner
    response = get_response(request)
  File "C:\Users\gouke\AppData\Local\Programs\Python\Python36\lib\site-packages\django\core\handlers\base.py", line 126, in _get_response
    response = self.process_exception_by_middleware(e, request)
  File "C:\Users\gouke\AppData\Local\Programs\Python\Python36\lib\site-packages\django\core\handlers\base.py", line 124, in _get_response
    response = wrapped_callback(request, *callback_args, **callback_kwargs)
  File "C:\Users\gouke\PycharmProjects\ShortUrl\shorturlapp\views.py", line 78, in set_short_url
    short_url = url_handle.run(long_url=long_url, short_url=short_url)  # 获取新的短链接key
  File "C:\Users\gouke\PycharmProjects\ShortUrl\shorturlapp\url_handle.py", line 202, in run
    self.get_short_url()  # 用户未传入短链接key，调用函数生成
  File "C:\Users\gouke\PycharmProjects\ShortUrl\shorturlapp\url_handle.py", line 165, in get_short_url
    if self.check_short_url() == STATUS_CODE['OK']:  # 检查生成的短链接key是否合法，有可能会重复
  File "C:\Users\gouke\PycharmProjects\ShortUrl\shorturlapp\url_handle.py", line 100, in check_short_url
    Info.objects.get(short_url=self.short_url)  # 判断是否和已有的短链接key重合
  File "C:\Users\gouke\AppData\Local\Programs\Python\Python36\lib\site-packages\django\db\models\manager.py", line 82, in manager_method
    return getattr(self.get_queryset(), name)(*args, **kwargs)
  File "C:\Users\gouke\AppData\Local\Programs\Python\Python36\lib\site-packages\django\db\models\query.py", line 393, in get
    num = len(clone)
  File "C:\Users\gouke\AppData\Local\Programs\Python\Python36\lib\site-packages\django\db\models\query.py", line 250, in __len__
    self._fetch_all()
  File "C:\Users\gouke\AppData\Local\Programs\Python\Python36\lib\site-packages\django\db\models\query.py", line 1183, in _fetch_all
    self._result_cache = list(self._iterable_class(self))
  File "C:\Users\gouke\AppData\Local\Programs\Python\Python36\lib\site-packages\django\db\models\query.py", line 54, in __iter__
    results = compiler.execute_sql(chunked_fetch=self.chunked_fetch, chunk_size=self.chunk_size)
  File "C:\Users\gouke\AppData\Local\Programs\Python\Python36\lib\site-packages\django\db\models\sql\compiler.py", line 1061, in execute_sql
    cursor.execute(sql, params)
  File "C:\Users\gouke\AppData\Local\Programs\Python\Python36\lib\site-packages\django\db\backends\utils.py", line 68, in execute
    return self._execute_with_wrappers(sql, params, many=False, executor=self._execute)
  File "C:\Users\gouke\AppData\Local\Programs\Python\Python36\lib\site-packages\django\db\backends\utils.py", line 77, in _execute_with_wrappers
    return executor(sql, params, many, context)
  File "C:\Users\gouke\AppData\Local\Programs\Python\Python36\lib\site-packages\django\db\backends\utils.py", line 85, in _execute
    return self.cursor.execute(sql, params)
  File "C:\Users\gouke\AppData\Local\Programs\Python\Python36\lib\site-packages\django\db\backends\mysql\base.py", line 71, in execute
    return self.cursor.execute(query, args)
  File "C:\Users\gouke\AppData\Roaming\Python\Python36\site-packages\pymysql\cursors.py", line 170, in execute
    result = self._query(query)
  File "C:\Users\gouke\AppData\Roaming\Python\Python36\site-packages\pymysql\cursors.py", line 328, in _query
    conn.query(q)
  File "C:\Users\gouke\AppData\Roaming\Python\Python36\site-packages\pymysql\connections.py", line 515, in query
    sql = sql.encode(self.encoding, 'surrogateescape')
UnicodeEncodeError: 'utf-8' codec can't encode character '\udb58' in position 159: surrogates not allowed
[asctime][MainThread:15652][task_id:shorturlapp.url_handle][url_handle.py:200][ERROR][输入的短链接key:a阿萨!#$%!含有非法字符]
[asctime][MainThread:15652][task_id:shorturlapp.views][views.py:94][ERROR][输入的短链接key:a阿萨!#$%!有误]
[asctime][MainThread:15652][task_id:shorturlapp.url_handle][url_handle.py:197][ERROR][输入的短链接key:admin已存在]
[asctime][MainThread:15652][task_id:shorturlapp.views][views.py:90][ERROR][短链接:admin已被使用]
[asctime][MainThread:15652][task_id:shorturlapp.url_handle][url_handle.py:197][ERROR][输入的短链接key:setshorturl?123已存在]
[asctime][MainThread:15652][task_id:shorturlapp.views][views.py:90][ERROR][短链接:setshorturl?123已被使用]
[asctime][MainThread:15652][task_id:shorturlapp.url_handle][url_handle.py:197][ERROR][输入的短链接key:admin/123已存在]
[asctime][MainThread:15652][task_id:shorturlapp.views][views.py:90][ERROR][短链接:admin/123已被使用]
[asctime][MainThread:15652][task_id:shorturlapp.url_handle][url_handle.py:200][ERROR][输入的短链接key:admindd?含有非法字符]
[asctime][MainThread:15652][task_id:shorturlapp.views][views.py:94][ERROR][输入的短链接key:admindd?有误]
[asctime][MainThread:15652][task_id:shorturlapp.url_handle][url_handle.py:200][ERROR][输入的短链接key:admindd/含有非法字符]
[asctime][MainThread:15652][task_id:shorturlapp.views][views.py:94][ERROR][输入的短链接key:admindd/有误]
[asctime][MainThread:15652][task_id:shorturlapp.url_handle][url_handle.py:200][ERROR][输入的短链接key:admindd\含有非法字符]
[asctime][MainThread:15652][task_id:shorturlapp.views][views.py:94][ERROR][输入的短链接key:admindd\有误]
[asctime][MainThread:15652][task_id:shorturlapp.views][views.py:102][ERROR][短链接key:qqqqqqqqqqqqqqqqqqqqqqqqqqqqqqqqqqqqqqqqqqqqqqqqqqqqqqqqqqqqqqqqqqqqqqqqqqqqqqqqqqqqqqqqqqqqqqqqqqqqqqqqqqqqqqqqqqqqqqqqqqqqqqqqqqqqqqqqqqqqqqqqqqqqqqqqqqqqqqqqqqqqqqqqqqqqqqqqqqqqqq超出最大长度:50]
[asctime][MainThread:13008][task_id:shorturlapp.views][views.py:82][ERROR][long_url:www.bai-du.com/1?dsaf!3@.sdf-格式错误]
[asctime][MainThread:13008][task_id:shorturlapp.views][views.py:82][ERROR][long_url:http://www.baidu.co-m/1?dsaf!3@.sdf-格式错误]
[asctime][MainThread:13008][task_id:shorturlapp.views][views.py:82][ERROR][long_url:http://www.baid@u.co-m/1?dsaf!3@.sdf-格式错误]
[asctime][MainThread:13008][task_id:shorturlapp.views][views.py:82][ERROR][long_url:http://fdsafdasfsaf/1?dsaf!3@.sdf-格式错误]
[asctime][MainThread:13008][task_id:shorturlapp.views][views.py:82][ERROR][long_url:http://fdafasfsafdsaf格式错误]
[asctime][MainThread:13008][task_id:shorturlapp.views][views.py:82][ERROR][long_url:http://fdafasfsafdsaf/格式错误]
[asctime][MainThread:13008][task_id:shorturlapp.views][views.py:82][ERROR][long_url:http:///fdafasfsafdsaf/格式错误]
[asctime][MainThread:13008][task_id:shorturlapp.views][views.py:98][ERROR][长链接:http://www.adfsafdfdsafsadfasfasfasfasfdsafsafsadfsafdsafvdsfgfdggfdsgsdfgsdfgdsgfdsgsdfgsdfgsdfgdsfgsdfgsdfgsdfgsdfgdsfgsdfgsdfgsfdgfdsgsdfgsdgfsdgsfdgsdfgsdfgsdfgsdfgdsfg-gfdsgfdsgsfdgds-fg-dfsg-dfsggfdsgfsdgsdfgsdfgsdfgdsfgsdfgdsfgsdfgsdfgsdfgsdfvdsfgdsfgdfgdfsgsdfggfdsgsdfgsdfgfdsgsdfgsdgfsdgsdfgsdfgsdfgsdfgsdfgdfgdfsgsdfgsgfsdgsfdggfdsgsdfgsdfgsdfgsdfgsdfgsdfgfdsgsdfgsdfgdsfgdfsgdsfgsdfgsdfgdsfgdfgfdsafasdfasdfa.com超出最大长度:200]
[asctime][MainThread:13008][task_id:shorturlapp.url_handle][url_handle.py:200][ERROR][输入的短链接key:a阿萨!#$%!含有非法字符]
[asctime][MainThread:13008][task_id:shorturlapp.views][views.py:94][ERROR][输入的短链接key:a阿萨!#$%!有误]
[asctime][MainThread:13008][task_id:shorturlapp.url_handle][url_handle.py:197][ERROR][输入的短链接key:admin已存在]
[asctime][MainThread:13008][task_id:shorturlapp.views][views.py:90][ERROR][短链接:admin已被使用]
[asctime][MainThread:13008][task_id:shorturlapp.url_handle][url_handle.py:197][ERROR][输入的短链接key:setshorturl?123已存在]
[asctime][MainThread:13008][task_id:shorturlapp.views][views.py:90][ERROR][短链接:setshorturl?123已被使用]
[asctime][MainThread:13008][task_id:shorturlapp.url_handle][url_handle.py:197][ERROR][输入的短链接key:admin/123已存在]
[asctime][MainThread:13008][task_id:shorturlapp.views][views.py:90][ERROR][短链接:admin/123已被使用]
[asctime][MainThread:13008][task_id:shorturlapp.url_handle][url_handle.py:200][ERROR][输入的短链接key:admindd?含有非法字符]
[asctime][MainThread:13008][task_id:shorturlapp.views][views.py:94][ERROR][输入的短链接key:admindd?有误]
[asctime][MainThread:13008][task_id:shorturlapp.url_handle][url_handle.py:200][ERROR][输入的短链接key:admindd/含有非法字符]
[asctime][MainThread:13008][task_id:shorturlapp.views][views.py:94][ERROR][输入的短链接key:admindd/有误]
[asctime][MainThread:13008][task_id:shorturlapp.url_handle][url_handle.py:200][ERROR][输入的短链接key:admindd\含有非法字符]
[asctime][MainThread:13008][task_id:shorturlapp.views][views.py:94][ERROR][输入的短链接key:admindd\有误]
[asctime][MainThread:13008][task_id:shorturlapp.views][views.py:102][ERROR][短链接key:qqqqqqqqqqqqqqqqqqqqqqqqqqqqqqqqqqqqqqqqqqqqqqqqqqqqqqqqqqqqqqqqqqqqqqqqqqqqqqqqqqqqqqqqqqqqqqqqqqqqqqqqqqqqqqqqqqqqqqqqqqqqqqqqqqqqqqqqqqqqqqqqqqqqqqqqqqqqqqqqqqqqqqqqqqqqqqqqqqqqqq超出最大长度:50]
[asctime][MainThread:13964][task_id:shorturlapp.views][views.py:82][ERROR][long_url:www.bai-du.com/1?dsaf!3@.sdf-格式错误]
[asctime][MainThread:13964][task_id:shorturlapp.views][views.py:82][ERROR][long_url:http://www.baidu.co-m/1?dsaf!3@.sdf-格式错误]
[asctime][MainThread:13964][task_id:shorturlapp.views][views.py:82][ERROR][long_url:http://www.baid@u.co-m/1?dsaf!3@.sdf-格式错误]
[asctime][MainThread:13964][task_id:shorturlapp.views][views.py:82][ERROR][long_url:http://fdsafdasfsaf/1?dsaf!3@.sdf-格式错误]
[asctime][MainThread:13964][task_id:shorturlapp.views][views.py:82][ERROR][long_url:http://fdafasfsafdsaf格式错误]
[asctime][MainThread:13964][task_id:shorturlapp.views][views.py:82][ERROR][long_url:http://fdafasfsafdsaf/格式错误]
[asctime][MainThread:13964][task_id:shorturlapp.views][views.py:82][ERROR][long_url:http:///fdafasfsafdsaf/格式错误]
[asctime][MainThread:13964][task_id:shorturlapp.views][views.py:98][ERROR][长链接:http://www.adfsafdfdsafsadfasfasfasfasfdsafsafsadfsafdsafvdsfgfdggfdsgsdfgsdfgdsgfdsgsdfgsdfgsdfgdsfgsdfgsdfgsdfgsdfgdsfgsdfgsdfgsfdgfdsgsdfgsdgfsdgsfdgsdfgsdfgsdfgsdfgdsfg-gfdsgfdsgsfdgds-fg-dfsg-dfsggfdsgfsdgsdfgsdfgsdfgdsfgsdfgdsfgsdfgsdfgsdfgsdfvdsfgdsfgdfgdfsgsdfggfdsgsdfgsdfgfdsgsdfgsdgfsdgsdfgsdfgsdfgsdfgsdfgdfgdfsgsdfgsgfsdgsfdggfdsgsdfgsdfgsdfgsdfgsdfgsdfgfdsgsdfgsdfgdsfgdfsgdsfgsdfgsdfgdsfgdfgfdsafasdfasdfa.com超出最大长度:200]
[asctime][MainThread:13964][task_id:shorturlapp.url_handle][url_handle.py:200][ERROR][输入的短链接key:a阿萨!#$%!含有非法字符]
[asctime][MainThread:13964][task_id:shorturlapp.views][views.py:94][ERROR][输入的短链接key:a阿萨!#$%!有误]
[asctime][MainThread:13964][task_id:shorturlapp.url_handle][url_handle.py:197][ERROR][输入的短链接key:admin已存在]
[asctime][MainThread:13964][task_id:shorturlapp.views][views.py:90][ERROR][短链接:admin已被使用]
[asctime][MainThread:13964][task_id:shorturlapp.url_handle][url_handle.py:197][ERROR][输入的短链接key:setshorturl?123已存在]
[asctime][MainThread:13964][task_id:shorturlapp.views][views.py:90][ERROR][短链接:setshorturl?123已被使用]
[asctime][MainThread:13964][task_id:shorturlapp.url_handle][url_handle.py:197][ERROR][输入的短链接key:admin/123已存在]
[asctime][MainThread:13964][task_id:shorturlapp.views][views.py:90][ERROR][短链接:admin/123已被使用]
[asctime][MainThread:13964][task_id:shorturlapp.url_handle][url_handle.py:200][ERROR][输入的短链接key:admindd?含有非法字符]
[asctime][MainThread:13964][task_id:shorturlapp.views][views.py:94][ERROR][输入的短链接key:admindd?有误]
[asctime][MainThread:13964][task_id:shorturlapp.url_handle][url_handle.py:200][ERROR][输入的短链接key:admindd/含有非法字符]
[asctime][MainThread:13964][task_id:shorturlapp.views][views.py:94][ERROR][输入的短链接key:admindd/有误]
[asctime][MainThread:13964][task_id:shorturlapp.url_handle][url_handle.py:200][ERROR][输入的短链接key:admindd\含有非法字符]
[asctime][MainThread:13964][task_id:shorturlapp.views][views.py:94][ERROR][输入的短链接key:admindd\有误]
[asctime][MainThread:13964][task_id:shorturlapp.views][views.py:102][ERROR][短链接key:qqqqqqqqqqqqqqqqqqqqqqqqqqqqqqqqqqqqqqqqqqqqqqqqqqqqqqqqqqqqqqqqqqqqqqqqqqqqqqqqqqqqqqqqqqqqqqqqqqqqqqqqqqqqqqqqqqqqqqqqqqqqqqqqqqqqqqqqqqqqqqqqqqqqqqqqqqqqqqqqqqqqqqqqqqqqqqqqqqqqqq超出最大长度:50]
[asctime][MainThread:13580][task_id:shorturlapp.views][views.py:82][ERROR][long_url:www.bai-du.com/1?dsaf!3@.sdf-格式错误]
[asctime][MainThread:13580][task_id:shorturlapp.views][views.py:82][ERROR][long_url:http://www.baidu.co-m/1?dsaf!3@.sdf-格式错误]
[asctime][MainThread:13580][task_id:shorturlapp.views][views.py:82][ERROR][long_url:http://www.baid@u.co-m/1?dsaf!3@.sdf-格式错误]
[asctime][MainThread:13580][task_id:shorturlapp.views][views.py:82][ERROR][long_url:http://fdsafdasfsaf/1?dsaf!3@.sdf-格式错误]
[asctime][MainThread:13580][task_id:shorturlapp.views][views.py:82][ERROR][long_url:http://fdafasfsafdsaf格式错误]
[asctime][MainThread:13580][task_id:shorturlapp.views][views.py:82][ERROR][long_url:http://fdafasfsafdsaf/格式错误]
[asctime][MainThread:13580][task_id:shorturlapp.views][views.py:82][ERROR][long_url:http:///fdafasfsafdsaf/格式错误]
[asctime][MainThread:13580][task_id:shorturlapp.views][views.py:98][ERROR][长链接:http://www.adfsafdfdsafsadfasfasfasfasfdsafsafsadfsafdsafvdsfgfdggfdsgsdfgsdfgdsgfdsgsdfgsdfgsdfgdsfgsdfgsdfgsdfgsdfgdsfgsdfgsdfgsfdgfdsgsdfgsdgfsdgsfdgsdfgsdfgsdfgsdfgdsfg-gfdsgfdsgsfdgds-fg-dfsg-dfsggfdsgfsdgsdfgsdfgsdfgdsfgsdfgdsfgsdfgsdfgsdfgsdfvdsfgdsfgdfgdfsgsdfggfdsgsdfgsdfgfdsgsdfgsdgfsdgsdfgsdfgsdfgsdfgsdfgdfgdfsgsdfgsgfsdgsfdggfdsgsdfgsdfgsdfgsdfgsdfgsdfgfdsgsdfgsdfgdsfgdfsgdsfgsdfgsdfgdsfgdfgfdsafasdfasdfa.com超出最大长度:200]
[asctime][MainThread:13580][task_id:shorturlapp.url_handle][url_handle.py:200][ERROR][输入的短链接key:a阿萨!#$%!含有非法字符]
[asctime][MainThread:13580][task_id:shorturlapp.views][views.py:94][ERROR][输入的短链接key:a阿萨!#$%!有误]
[asctime][MainThread:13580][task_id:shorturlapp.url_handle][url_handle.py:197][ERROR][输入的短链接key:admin已存在]
[asctime][MainThread:13580][task_id:shorturlapp.views][views.py:90][ERROR][短链接:admin已被使用]
[asctime][MainThread:13580][task_id:shorturlapp.url_handle][url_handle.py:197][ERROR][输入的短链接key:setshorturl?123已存在]
[asctime][MainThread:13580][task_id:shorturlapp.views][views.py:90][ERROR][短链接:setshorturl?123已被使用]
[asctime][MainThread:13580][task_id:shorturlapp.url_handle][url_handle.py:197][ERROR][输入的短链接key:admin/123已存在]
[asctime][MainThread:13580][task_id:shorturlapp.views][views.py:90][ERROR][短链接:admin/123已被使用]
[asctime][MainThread:13580][task_id:shorturlapp.url_handle][url_handle.py:200][ERROR][输入的短链接key:admindd?含有非法字符]
[asctime][MainThread:13580][task_id:shorturlapp.views][views.py:94][ERROR][输入的短链接key:admindd?有误]
[asctime][MainThread:13580][task_id:shorturlapp.url_handle][url_handle.py:200][ERROR][输入的短链接key:admindd/含有非法字符]
[asctime][MainThread:13580][task_id:shorturlapp.views][views.py:94][ERROR][输入的短链接key:admindd/有误]
[asctime][MainThread:13580][task_id:shorturlapp.url_handle][url_handle.py:200][ERROR][输入的短链接key:admindd\含有非法字符]
[asctime][MainThread:13580][task_id:shorturlapp.views][views.py:94][ERROR][输入的短链接key:admindd\有误]
[asctime][MainThread:13580][task_id:shorturlapp.views][views.py:102][ERROR][短链接key:qqqqqqqqqqqqqqqqqqqqqqqqqqqqqqqqqqqqqqqqqqqqqqqqqqqqqqqqqqqqqqqqqqqqqqqqqqqqqqqqqqqqqqqqqqqqqqqqqqqqqqqqqqqqqqqqqqqqqqqqqqqqqqqqqqqqqqqqqqqqqqqqqqqqqqqqqqqqqqqqqqqqqqqqqqqqqqqqqqqqqq超出最大长度:50]
[asctime][MainThread:832][task_id:shorturlapp.views][views.py:82][ERROR][long_url:www.bai-du.com/1?dsaf!3@.sdf-格式错误]
[asctime][MainThread:832][task_id:shorturlapp.views][views.py:82][ERROR][long_url:http://www.baidu.co-m/1?dsaf!3@.sdf-格式错误]
[asctime][MainThread:832][task_id:shorturlapp.views][views.py:82][ERROR][long_url:http://www.baid@u.co-m/1?dsaf!3@.sdf-格式错误]
[asctime][MainThread:832][task_id:shorturlapp.views][views.py:82][ERROR][long_url:http://fdsafdasfsaf/1?dsaf!3@.sdf-格式错误]
[asctime][MainThread:832][task_id:shorturlapp.views][views.py:82][ERROR][long_url:http://fdafasfsafdsaf格式错误]
[asctime][MainThread:832][task_id:shorturlapp.views][views.py:82][ERROR][long_url:http://fdafasfsafdsaf/格式错误]
[asctime][MainThread:832][task_id:shorturlapp.views][views.py:82][ERROR][long_url:http:///fdafasfsafdsaf/格式错误]
[asctime][MainThread:832][task_id:shorturlapp.views][views.py:98][ERROR][长链接:http://www.adfsafdfdsafsadfasfasfasfasfdsafsafsadfsafdsafvdsfgfdggfdsgsdfgsdfgdsgfdsgsdfgsdfgsdfgdsfgsdfgsdfgsdfgsdfgdsfgsdfgsdfgsfdgfdsgsdfgsdgfsdgsfdgsdfgsdfgsdfgsdfgdsfg-gfdsgfdsgsfdgds-fg-dfsg-dfsggfdsgfsdgsdfgsdfgsdfgdsfgsdfgdsfgsdfgsdfgsdfgsdfvdsfgdsfgdfgdfsgsdfggfdsgsdfgsdfgfdsgsdfgsdgfsdgsdfgsdfgsdfgsdfgsdfgdfgdfsgsdfgsgfsdgsfdggfdsgsdfgsdfgsdfgsdfgsdfgsdfgfdsgsdfgsdfgdsfgdfsgdsfgsdfgsdfgdsfgdfgfdsafasdfasdfa.com超出最大长度:200]
[asctime][MainThread:832][task_id:shorturlapp.url_handle][url_handle.py:200][ERROR][输入的短链接key:a阿萨!#$%!含有非法字符]
[asctime][MainThread:832][task_id:shorturlapp.views][views.py:94][ERROR][输入的短链接key:a阿萨!#$%!有误]
[asctime][MainThread:832][task_id:shorturlapp.url_handle][url_handle.py:197][ERROR][输入的短链接key:admin已存在]
[asctime][MainThread:832][task_id:shorturlapp.views][views.py:90][ERROR][短链接:admin已被使用]
[asctime][MainThread:832][task_id:shorturlapp.url_handle][url_handle.py:197][ERROR][输入的短链接key:setshorturl?123已存在]
[asctime][MainThread:832][task_id:shorturlapp.views][views.py:90][ERROR][短链接:setshorturl?123已被使用]
[asctime][MainThread:832][task_id:shorturlapp.url_handle][url_handle.py:197][ERROR][输入的短链接key:admin/123已存在]
[asctime][MainThread:832][task_id:shorturlapp.views][views.py:90][ERROR][短链接:admin/123已被使用]
[asctime][MainThread:832][task_id:shorturlapp.url_handle][url_handle.py:200][ERROR][输入的短链接key:admindd?含有非法字符]
[asctime][MainThread:832][task_id:shorturlapp.views][views.py:94][ERROR][输入的短链接key:admindd?有误]
[asctime][MainThread:832][task_id:shorturlapp.url_handle][url_handle.py:200][ERROR][输入的短链接key:admindd/含有非法字符]
[asctime][MainThread:832][task_id:shorturlapp.views][views.py:94][ERROR][输入的短链接key:admindd/有误]
[asctime][MainThread:832][task_id:shorturlapp.url_handle][url_handle.py:200][ERROR][输入的短链接key:admindd\含有非法字符]
[asctime][MainThread:832][task_id:shorturlapp.views][views.py:94][ERROR][输入的短链接key:admindd\有误]
[asctime][MainThread:832][task_id:shorturlapp.views][views.py:102][ERROR][短链接key:qqqqqqqqqqqqqqqqqqqqqqqqqqqqqqqqqqqqqqqqqqqqqqqqqqqqqqqqqqqqqqqqqqqqqqqqqqqqqqqqqqqqqqqqqqqqqqqqqqqqqqqqqqqqqqqqqqqqqqqqqqqqqqqqqqqqqqqqqqqqqqqqqqqqqqqqqqqqqqqqqqqqqqqqqqqqqqqqqqqqqq超出最大长度:50]
[asctime][MainThread:10976][task_id:shorturlapp.views][views.py:82][ERROR][long_url:www.bai-du.com/1?dsaf!3@.sdf-格式错误]
[asctime][MainThread:10976][task_id:shorturlapp.views][views.py:82][ERROR][long_url:http://www.baidu.co-m/1?dsaf!3@.sdf-格式错误]
[asctime][MainThread:10976][task_id:shorturlapp.views][views.py:82][ERROR][long_url:http://www.baid@u.co-m/1?dsaf!3@.sdf-格式错误]
[asctime][MainThread:10976][task_id:shorturlapp.views][views.py:82][ERROR][long_url:http://fdsafdasfsaf/1?dsaf!3@.sdf-格式错误]
[asctime][MainThread:10976][task_id:shorturlapp.views][views.py:82][ERROR][long_url:http://fdafasfsafdsaf格式错误]
[asctime][MainThread:10976][task_id:shorturlapp.views][views.py:82][ERROR][long_url:http://fdafasfsafdsaf/格式错误]
[asctime][MainThread:10976][task_id:shorturlapp.views][views.py:82][ERROR][long_url:http:///fdafasfsafdsaf/格式错误]
[asctime][MainThread:10976][task_id:shorturlapp.views][views.py:98][ERROR][长链接:http://www.adfsafdfdsafsadfasfasfasfasfdsafsafsadfsafdsafvdsfgfdggfdsgsdfgsdfgdsgfdsgsdfgsdfgsdfgdsfgsdfgsdfgsdfgsdfgdsfgsdfgsdfgsfdgfdsgsdfgsdgfsdgsfdgsdfgsdfgsdfgsdfgdsfg-gfdsgfdsgsfdgds-fg-dfsg-dfsggfdsgfsdgsdfgsdfgsdfgdsfgsdfgdsfgsdfgsdfgsdfgsdfvdsfgdsfgdfgdfsgsdfggfdsgsdfgsdfgfdsgsdfgsdgfsdgsdfgsdfgsdfgsdfgsdfgdfgdfsgsdfgsgfsdgsfdggfdsgsdfgsdfgsdfgsdfgsdfgsdfgfdsgsdfgsdfgdsfgdfsgdsfgsdfgsdfgdsfgdfgfdsafasdfasdfa.com超出最大长度:200]
[asctime][MainThread:10976][task_id:shorturlapp.url_handle][url_handle.py:197][ERROR][输入的短链接key:asdfgg已存在]
[asctime][MainThread:10976][task_id:shorturlapp.views][views.py:90][ERROR][短链接:asdfgg已被使用]
[asctime][MainThread:10976][task_id:shorturlapp.url_handle][url_handle.py:200][ERROR][输入的短链接key:a阿萨!#$%!含有非法字符]
[asctime][MainThread:10976][task_id:shorturlapp.views][views.py:94][ERROR][输入的短链接key:a阿萨!#$%!有误]
[asctime][MainThread:10976][task_id:shorturlapp.url_handle][url_handle.py:197][ERROR][输入的短链接key:admin已存在]
[asctime][MainThread:10976][task_id:shorturlapp.views][views.py:90][ERROR][短链接:admin已被使用]
[asctime][MainThread:10976][task_id:shorturlapp.url_handle][url_handle.py:197][ERROR][输入的短链接key:setshorturl?123已存在]
[asctime][MainThread:10976][task_id:shorturlapp.views][views.py:90][ERROR][短链接:setshorturl?123已被使用]
[asctime][MainThread:10976][task_id:shorturlapp.url_handle][url_handle.py:197][ERROR][输入的短链接key:admin/123已存在]
[asctime][MainThread:10976][task_id:shorturlapp.views][views.py:90][ERROR][短链接:admin/123已被使用]
[asctime][MainThread:10976][task_id:shorturlapp.url_handle][url_handle.py:200][ERROR][输入的短链接key:admindd?含有非法字符]
[asctime][MainThread:10976][task_id:shorturlapp.views][views.py:94][ERROR][输入的短链接key:admindd?有误]
[asctime][MainThread:10976][task_id:shorturlapp.url_handle][url_handle.py:200][ERROR][输入的短链接key:admindd/含有非法字符]
[asctime][MainThread:10976][task_id:shorturlapp.views][views.py:94][ERROR][输入的短链接key:admindd/有误]
[asctime][MainThread:10976][task_id:shorturlapp.url_handle][url_handle.py:200][ERROR][输入的短链接key:admindd\含有非法字符]
[asctime][MainThread:10976][task_id:shorturlapp.views][views.py:94][ERROR][输入的短链接key:admindd\有误]
[asctime][MainThread:10976][task_id:shorturlapp.views][views.py:102][ERROR][短链接key:qqqqqqqqqqqqqqqqqqqqqqqqqqqqqqqqqqqqqqqqqqqqqqqqqqqqqqqqqqqqqqqqqqqqqqqqqqqqqqqqqqqqqqqqqqqqqqqqqqqqqqqqqqqqqqqqqqqqqqqqqqqqqqqqqqqqqqqqqqqqqqqqqqqqqqqqqqqqqqqqqqqqqqqqqqqqqqqqqqqqqq超出最大长度:50]
[asctime][MainThread:8596][task_id:shorturlapp.views][views.py:82][ERROR][long_url:www.bai-du.com/1?dsaf!3@.sdf-格式错误]
[asctime][MainThread:8596][task_id:shorturlapp.views][views.py:82][ERROR][long_url:http://www.baidu.co-m/1?dsaf!3@.sdf-格式错误]
[asctime][MainThread:8596][task_id:shorturlapp.views][views.py:82][ERROR][long_url:http://www.baid@u.co-m/1?dsaf!3@.sdf-格式错误]
[asctime][MainThread:8596][task_id:shorturlapp.views][views.py:82][ERROR][long_url:http://fdsafdasfsaf/1?dsaf!3@.sdf-格式错误]
[asctime][MainThread:8596][task_id:shorturlapp.views][views.py:82][ERROR][long_url:http://fdafasfsafdsaf格式错误]
[asctime][MainThread:8596][task_id:shorturlapp.views][views.py:82][ERROR][long_url:http://fdafasfsafdsaf/格式错误]
[asctime][MainThread:8596][task_id:shorturlapp.views][views.py:82][ERROR][long_url:http:///fdafasfsafdsaf/格式错误]
[asctime][MainThread:8596][task_id:shorturlapp.views][views.py:98][ERROR][长链接:http://www.adfsafdfdsafsadfasfasfasfasfdsafsafsadfsafdsafvdsfgfdggfdsgsdfgsdfgdsgfdsgsdfgsdfgsdfgdsfgsdfgsdfgsdfgsdfgdsfgsdfgsdfgsfdgfdsgsdfgsdgfsdgsfdgsdfgsdfgsdfgsdfgdsfg-gfdsgfdsgsfdgds-fg-dfsg-dfsggfdsgfsdgsdfgsdfgsdfgdsfgsdfgdsfgsdfgsdfgsdfgsdfvdsfgdsfgdfgdfsgsdfggfdsgsdfgsdfgfdsgsdfgsdgfsdgsdfgsdfgsdfgsdfgsdfgdfgdfsgsdfgsgfsdgsfdggfdsgsdfgsdfgsdfgsdfgsdfgsdfgfdsgsdfgsdfgdsfgdfsgdsfgsdfgsdfgdsfgdfgfdsafasdfasdfa.com超出最大长度:200]
[asctime][MainThread:8596][task_id:shorturlapp.url_handle][url_handle.py:197][ERROR][输入的短链接key:asdfgg已存在]
[asctime][MainThread:8596][task_id:shorturlapp.views][views.py:90][ERROR][短链接:asdfgg已被使用]
[asctime][MainThread:8596][task_id:shorturlapp.url_handle][url_handle.py:200][ERROR][输入的短链接key:a阿萨!#$%!含有非法字符]
[asctime][MainThread:8596][task_id:shorturlapp.views][views.py:94][ERROR][输入的短链接key:a阿萨!#$%!有误]
[asctime][MainThread:8596][task_id:shorturlapp.url_handle][url_handle.py:197][ERROR][输入的短链接key:admin已存在]
[asctime][MainThread:8596][task_id:shorturlapp.views][views.py:90][ERROR][短链接:admin已被使用]
[asctime][MainThread:8596][task_id:shorturlapp.url_handle][url_handle.py:197][ERROR][输入的短链接key:setshorturl?123已存在]
[asctime][MainThread:8596][task_id:shorturlapp.views][views.py:90][ERROR][短链接:setshorturl?123已被使用]
[asctime][MainThread:8596][task_id:shorturlapp.url_handle][url_handle.py:197][ERROR][输入的短链接key:admin/123已存在]
[asctime][MainThread:8596][task_id:shorturlapp.views][views.py:90][ERROR][短链接:admin/123已被使用]
[asctime][MainThread:8596][task_id:shorturlapp.url_handle][url_handle.py:200][ERROR][输入的短链接key:admindd?含有非法字符]
[asctime][MainThread:8596][task_id:shorturlapp.views][views.py:94][ERROR][输入的短链接key:admindd?有误]
[asctime][MainThread:8596][task_id:shorturlapp.url_handle][url_handle.py:200][ERROR][输入的短链接key:admindd/含有非法字符]
[asctime][MainThread:8596][task_id:shorturlapp.views][views.py:94][ERROR][输入的短链接key:admindd/有误]
[asctime][MainThread:8596][task_id:shorturlapp.url_handle][url_handle.py:200][ERROR][输入的短链接key:admindd\含有非法字符]
[asctime][MainThread:8596][task_id:shorturlapp.views][views.py:94][ERROR][输入的短链接key:admindd\有误]
[asctime][MainThread:8596][task_id:shorturlapp.views][views.py:102][ERROR][短链接key:qqqqqqqqqqqqqqqqqqqqqqqqqqqqqqqqqqqqqqqqqqqqqqqqqqqqqqqqqqqqqqqqqqqqqqqqqqqqqqqqqqqqqqqqqqqqqqqqqqqqqqqqqqqqqqqqqqqqqqqqqqqqqqqqqqqqqqqqqqqqqqqqqqqqqqqqqqqqqqqqqqqqqqqqqqqqqqqqqqqqqq超出最大长度:50]
[asctime][MainThread:1248][task_id:shorturlapp.views][views.py:82][ERROR][long_url:www.bai-du.com/1?dsaf!3@.sdf-格式错误]
[asctime][MainThread:1248][task_id:shorturlapp.views][views.py:82][ERROR][long_url:http://www.baidu.co-m/1?dsaf!3@.sdf-格式错误]
[asctime][MainThread:1248][task_id:shorturlapp.views][views.py:82][ERROR][long_url:http://www.baid@u.co-m/1?dsaf!3@.sdf-格式错误]
[asctime][MainThread:1248][task_id:shorturlapp.views][views.py:82][ERROR][long_url:http://fdsafdasfsaf/1?dsaf!3@.sdf-格式错误]
[asctime][MainThread:1248][task_id:shorturlapp.views][views.py:82][ERROR][long_url:http://fdafasfsafdsaf格式错误]
[asctime][MainThread:1248][task_id:shorturlapp.views][views.py:82][ERROR][long_url:http://fdafasfsafdsaf/格式错误]
[asctime][MainThread:1248][task_id:shorturlapp.views][views.py:82][ERROR][long_url:http:///fdafasfsafdsaf/格式错误]
[asctime][MainThread:1248][task_id:shorturlapp.views][views.py:98][ERROR][长链接:http://www.adfsafdfdsafsadfasfasfasfasfdsafsafsadfsafdsafvdsfgfdggfdsgsdfgsdfgdsgfdsgsdfgsdfgsdfgdsfgsdfgsdfgsdfgsdfgdsfgsdfgsdfgsfdgfdsgsdfgsdgfsdgsfdgsdfgsdfgsdfgsdfgdsfg-gfdsgfdsgsfdgds-fg-dfsg-dfsggfdsgfsdgsdfgsdfgsdfgdsfgsdfgdsfgsdfgsdfgsdfgsdfvdsfgdsfgdfgdfsgsdfggfdsgsdfgsdfgfdsgsdfgsdgfsdgsdfgsdfgsdfgsdfgsdfgdfgdfsgsdfgsgfsdgsfdggfdsgsdfgsdfgsdfgsdfgsdfgsdfgfdsgsdfgsdfgdsfgdfsgdsfgsdfgsdfgdsfgdfgfdsafasdfasdfa.com超出最大长度:200]
[asctime][MainThread:1248][task_id:shorturlapp.url_handle][url_handle.py:200][ERROR][输入的短链接key:a阿萨!#$%!含有非法字符]
[asctime][MainThread:1248][task_id:shorturlapp.views][views.py:94][ERROR][输入的短链接key:a阿萨!#$%!有误]
[asctime][MainThread:1248][task_id:shorturlapp.url_handle][url_handle.py:197][ERROR][输入的短链接key:admin已存在]
[asctime][MainThread:1248][task_id:shorturlapp.views][views.py:90][ERROR][短链接:admin已被使用]
[asctime][MainThread:1248][task_id:shorturlapp.url_handle][url_handle.py:197][ERROR][输入的短链接key:setshorturl?123已存在]
[asctime][MainThread:1248][task_id:shorturlapp.views][views.py:90][ERROR][短链接:setshorturl?123已被使用]
[asctime][MainThread:1248][task_id:shorturlapp.url_handle][url_handle.py:197][ERROR][输入的短链接key:admin/123已存在]
[asctime][MainThread:1248][task_id:shorturlapp.views][views.py:90][ERROR][短链接:admin/123已被使用]
[asctime][MainThread:1248][task_id:shorturlapp.url_handle][url_handle.py:200][ERROR][输入的短链接key:admindd?含有非法字符]
[asctime][MainThread:1248][task_id:shorturlapp.views][views.py:94][ERROR][输入的短链接key:admindd?有误]
[asctime][MainThread:1248][task_id:shorturlapp.url_handle][url_handle.py:200][ERROR][输入的短链接key:admindd/含有非法字符]
[asctime][MainThread:1248][task_id:shorturlapp.views][views.py:94][ERROR][输入的短链接key:admindd/有误]
[asctime][MainThread:1248][task_id:shorturlapp.url_handle][url_handle.py:200][ERROR][输入的短链接key:admindd\含有非法字符]
[asctime][MainThread:1248][task_id:shorturlapp.views][views.py:94][ERROR][输入的短链接key:admindd\有误]
[asctime][MainThread:1248][task_id:shorturlapp.views][views.py:102][ERROR][短链接key:qqqqqqqqqqqqqqqqqqqqqqqqqqqqqqqqqqqqqqqqqqqqqqqqqqqqqqqqqqqqqqqqqqqqqqqqqqqqqqqqqqqqqqqqqqqqqqqqqqqqqqqqqqqqqqqqqqqqqqqqqqqqqqqqqqqqqqqqqqqqqqqqqqqqqqqqqqqqqqqqqqqqqqqqqqqqqqqqqqqqqq超出最大长度:50]
[asctime][MainThread:7288][task_id:shorturlapp.views][views.py:82][ERROR][long_url:www.bai-du.com/1?dsaf!3@.sdf-格式错误]
[asctime][MainThread:7288][task_id:shorturlapp.views][views.py:82][ERROR][long_url:http://www.baidu.co-m/1?dsaf!3@.sdf-格式错误]
[asctime][MainThread:7288][task_id:shorturlapp.views][views.py:82][ERROR][long_url:http://www.baid@u.co-m/1?dsaf!3@.sdf-格式错误]
[asctime][MainThread:7288][task_id:shorturlapp.views][views.py:82][ERROR][long_url:http://fdsafdasfsaf/1?dsaf!3@.sdf-格式错误]
[asctime][MainThread:7288][task_id:shorturlapp.views][views.py:82][ERROR][long_url:http://fdafasfsafdsaf格式错误]
[asctime][MainThread:7288][task_id:shorturlapp.views][views.py:82][ERROR][long_url:http://fdafasfsafdsaf/格式错误]
[asctime][MainThread:7288][task_id:shorturlapp.views][views.py:82][ERROR][long_url:http:///fdafasfsafdsaf/格式错误]
[asctime][MainThread:7288][task_id:shorturlapp.views][views.py:98][ERROR][长链接:http://www.adfsafdfdsafsadfasfasfasfasfdsafsafsadfsafdsafvdsfgfdggfdsgsdfgsdfgdsgfdsgsdfgsdfgsdfgdsfgsdfgsdfgsdfgsdfgdsfgsdfgsdfgsfdgfdsgsdfgsdgfsdgsfdgsdfgsdfgsdfgsdfgdsfg-gfdsgfdsgsfdgds-fg-dfsg-dfsggfdsgfsdgsdfgsdfgsdfgdsfgsdfgdsfgsdfgsdfgsdfgsdfvdsfgdsfgdfgdfsgsdfggfdsgsdfgsdfgfdsgsdfgsdgfsdgsdfgsdfgsdfgsdfgsdfgdfgdfsgsdfgsgfsdgsfdggfdsgsdfgsdfgsdfgsdfgsdfgsdfgfdsgsdfgsdfgdsfgdfsgdsfgsdfgsdfgdsfgdfgfdsafasdfasdfa.com超出最大长度:200]
[asctime][MainThread:7288][task_id:shorturlapp.url_handle][url_handle.py:200][ERROR][输入的短链接key:a阿萨!#$%!含有非法字符]
[asctime][MainThread:7288][task_id:shorturlapp.views][views.py:94][ERROR][输入的短链接key:a阿萨!#$%!有误]
[asctime][MainThread:7288][task_id:shorturlapp.url_handle][url_handle.py:197][ERROR][输入的短链接key:admin已存在]
[asctime][MainThread:7288][task_id:shorturlapp.views][views.py:90][ERROR][短链接:admin已被使用]
[asctime][MainThread:7288][task_id:shorturlapp.url_handle][url_handle.py:197][ERROR][输入的短链接key:setshorturl?123已存在]
[asctime][MainThread:7288][task_id:shorturlapp.views][views.py:90][ERROR][短链接:setshorturl?123已被使用]
[asctime][MainThread:7288][task_id:shorturlapp.url_handle][url_handle.py:197][ERROR][输入的短链接key:admin/123已存在]
[asctime][MainThread:7288][task_id:shorturlapp.views][views.py:90][ERROR][短链接:admin/123已被使用]
[asctime][MainThread:7288][task_id:shorturlapp.url_handle][url_handle.py:200][ERROR][输入的短链接key:admindd?含有非法字符]
[asctime][MainThread:7288][task_id:shorturlapp.views][views.py:94][ERROR][输入的短链接key:admindd?有误]
[asctime][MainThread:7288][task_id:shorturlapp.url_handle][url_handle.py:200][ERROR][输入的短链接key:admindd/含有非法字符]
[asctime][MainThread:7288][task_id:shorturlapp.views][views.py:94][ERROR][输入的短链接key:admindd/有误]
[asctime][MainThread:7288][task_id:shorturlapp.url_handle][url_handle.py:200][ERROR][输入的短链接key:admindd\含有非法字符]
[asctime][MainThread:7288][task_id:shorturlapp.views][views.py:94][ERROR][输入的短链接key:admindd\有误]
[asctime][MainThread:7288][task_id:shorturlapp.views][views.py:102][ERROR][短链接key:qqqqqqqqqqqqqqqqqqqqqqqqqqqqqqqqqqqqqqqqqqqqqqqqqqqqqqqqqqqqqqqqqqqqqqqqqqqqqqqqqqqqqqqqqqqqqqqqqqqqqqqqqqqqqqqqqqqqqqqqqqqqqqqqqqqqqqqqqqqqqqqqqqqqqqqqqqqqqqqqqqqqqqqqqqqqqqqqqqqqqq超出最大长度:50]
[asctime][MainThread:15764][task_id:shorturlapp.views][views.py:82][ERROR][long_url:www.bai-du.com/1?dsaf!3@.sdf-格式错误]
[asctime][MainThread:15764][task_id:shorturlapp.views][views.py:82][ERROR][long_url:http://www.baidu.co-m/1?dsaf!3@.sdf-格式错误]
[asctime][MainThread:15764][task_id:shorturlapp.views][views.py:82][ERROR][long_url:http://www.baid@u.co-m/1?dsaf!3@.sdf-格式错误]
[asctime][MainThread:15764][task_id:shorturlapp.views][views.py:82][ERROR][long_url:http://fdsafdasfsaf/1?dsaf!3@.sdf-格式错误]
[asctime][MainThread:15764][task_id:shorturlapp.views][views.py:82][ERROR][long_url:http://fdafasfsafdsaf格式错误]
[asctime][MainThread:15764][task_id:shorturlapp.views][views.py:82][ERROR][long_url:http://fdafasfsafdsaf/格式错误]
[asctime][MainThread:15764][task_id:shorturlapp.views][views.py:82][ERROR][long_url:http:///fdafasfsafdsaf/格式错误]
[asctime][MainThread:15764][task_id:shorturlapp.views][views.py:98][ERROR][长链接:http://www.adfsafdfdsafsadfasfasfasfasfdsafsafsadfsafdsafvdsfgfdggfdsgsdfgsdfgdsgfdsgsdfgsdfgsdfgdsfgsdfgsdfgsdfgsdfgdsfgsdfgsdfgsfdgfdsgsdfgsdgfsdgsfdgsdfgsdfgsdfgsdfgdsfg-gfdsgfdsgsfdgds-fg-dfsg-dfsggfdsgfsdgsdfgsdfgsdfgdsfgsdfgdsfgsdfgsdfgsdfgsdfvdsfgdsfgdfgdfsgsdfggfdsgsdfgsdfgfdsgsdfgsdgfsdgsdfgsdfgsdfgsdfgsdfgdfgdfsgsdfgsgfsdgsfdggfdsgsdfgsdfgsdfgsdfgsdfgsdfgfdsgsdfgsdfgdsfgdfsgdsfgsdfgsdfgdsfgdfgfdsafasdfasdfa.com超出最大长度:200]
[asctime][MainThread:15764][task_id:shorturlapp.url_handle][url_handle.py:200][ERROR][输入的短链接key:a阿萨!#$%!含有非法字符]
[asctime][MainThread:15764][task_id:shorturlapp.views][views.py:94][ERROR][输入的短链接key:a阿萨!#$%!有误]
[asctime][MainThread:15764][task_id:shorturlapp.url_handle][url_handle.py:197][ERROR][输入的短链接key:admin已存在]
[asctime][MainThread:15764][task_id:shorturlapp.views][views.py:90][ERROR][短链接:admin已被使用]
[asctime][MainThread:15764][task_id:shorturlapp.url_handle][url_handle.py:197][ERROR][输入的短链接key:setshorturl?123已存在]
[asctime][MainThread:15764][task_id:shorturlapp.views][views.py:90][ERROR][短链接:setshorturl?123已被使用]
[asctime][MainThread:15764][task_id:shorturlapp.url_handle][url_handle.py:197][ERROR][输入的短链接key:admin/123已存在]
[asctime][MainThread:15764][task_id:shorturlapp.views][views.py:90][ERROR][短链接:admin/123已被使用]
[asctime][MainThread:15764][task_id:shorturlapp.url_handle][url_handle.py:200][ERROR][输入的短链接key:admindd?含有非法字符]
[asctime][MainThread:15764][task_id:shorturlapp.views][views.py:94][ERROR][输入的短链接key:admindd?有误]
[asctime][MainThread:15764][task_id:shorturlapp.url_handle][url_handle.py:200][ERROR][输入的短链接key:admindd/含有非法字符]
[asctime][MainThread:15764][task_id:shorturlapp.views][views.py:94][ERROR][输入的短链接key:admindd/有误]
[asctime][MainThread:15764][task_id:shorturlapp.url_handle][url_handle.py:200][ERROR][输入的短链接key:admindd\含有非法字符]
[asctime][MainThread:15764][task_id:shorturlapp.views][views.py:94][ERROR][输入的短链接key:admindd\有误]
[asctime][MainThread:15764][task_id:shorturlapp.views][views.py:102][ERROR][短链接key:qqqqqqqqqqqqqqqqqqqqqqqqqqqqqqqqqqqqqqqqqqqqqqqqqqqqqqqqqqqqqqqqqqqqqqqqqqqqqqqqqqqqqqqqqqqqqqqqqqqqqqqqqqqqqqqqqqqqqqqqqqqqqqqqqqqqqqqqqqqqqqqqqqqqqqqqqqqqqqqqqqqqqqqqqqqqqqqqqqqqqq超出最大长度:50]
[asctime][Thread-2:15320][task_id:shorturlapp.views][views.py:157][ERROR][{'msg': '短链接不存在', 'code': -8, 'short_url': 'staticadmincssresponsive.css'}]
[asctime][Thread-4:12948][task_id:shorturlapp.views][views.py:157][ERROR][{'msg': '短链接不存在', 'code': -8, 'short_url': 'staticadmincssbase.css'}]
[asctime][Thread-5:11108][task_id:shorturlapp.views][views.py:157][ERROR][{'msg': '短链接不存在', 'code': -8, 'short_url': 'staticadmincssdashboard.css'}]
[asctime][Thread-6:5892][task_id:shorturlapp.views][views.py:157][ERROR][{'msg': '短链接不存在', 'code': -8, 'short_url': 'staticadmincssbase.css'}]
[asctime][Thread-8:1296][task_id:shorturlapp.views][views.py:157][ERROR][{'msg': '短链接不存在', 'code': -8, 'short_url': 'staticadmincssdashboard.css'}]
[asctime][Thread-9:5500][task_id:shorturlapp.views][views.py:157][ERROR][{'msg': '短链接不存在', 'code': -8, 'short_url': 'staticadmincssresponsive.css'}]
[asctime][Thread-10:16216][task_id:shorturlapp.views][views.py:157][ERROR][{'msg': '短链接不存在', 'code': -8, 'short_url': 'staticadmincssbase.css'}]
[asctime][Thread-12:9448][task_id:shorturlapp.views][views.py:157][ERROR][{'msg': '短链接不存在', 'code': -8, 'short_url': 'staticadmincssdashboard.css'}]
[asctime][Thread-13:7476][task_id:shorturlapp.views][views.py:157][ERROR][{'msg': '短链接不存在', 'code': -8, 'short_url': 'staticadmincssresponsive.css'}]
[asctime][Thread-2:14932][task_id:shorturlapp.views][views.py:157][ERROR][{'msg': '短链接不存在', 'code': -8, 'short_url': 'staticadmincssbase.css'}]
[asctime][Thread-4:7284][task_id:shorturlapp.views][views.py:157][ERROR][{'msg': '短链接不存在', 'code': -8, 'short_url': 'staticadmincssdashboard.css'}]
[asctime][Thread-5:5400][task_id:shorturlapp.views][views.py:157][ERROR][{'msg': '短链接不存在', 'code': -8, 'short_url': 'staticadmincssresponsive.css'}]
[asctime][Thread-7:9340][task_id:shorturlapp.views][views.py:157][ERROR][{'msg': '短链接不存在', 'code': -8, 'short_url': 'staticadmincssbase.css'}]
[asctime][Thread-8:11828][task_id:shorturlapp.views][views.py:157][ERROR][{'msg': '短链接不存在', 'code': -8, 'short_url': 'staticadmincssdashboard.css'}]
[asctime][Thread-9:11696][task_id:shorturlapp.views][views.py:157][ERROR][{'msg': '短链接不存在', 'code': -8, 'short_url': 'staticadmincssresponsive.css'}]
[asctime][Thread-11:11480][task_id:shorturlapp.views][views.py:157][ERROR][{'msg': '短链接不存在', 'code': -8, 'short_url': 'staticadmincssbase.css'}]
[asctime][Thread-12:15440][task_id:shorturlapp.views][views.py:157][ERROR][{'msg': '短链接不存在', 'code': -8, 'short_url': 'staticadmincssdashboard.css'}]
[asctime][Thread-13:6364][task_id:shorturlapp.views][views.py:157][ERROR][{'msg': '短链接不存在', 'code': -8, 'short_url': 'staticadmincssresponsive.css'}]
[asctime][Thread-2:6716][task_id:shorturlapp.views][views.py:157][ERROR][{'msg': '短链接不存在', 'code': -8, 'short_url': 'staticadmincssbase.css'}]
[asctime][Thread-4:2452][task_id:shorturlapp.views][views.py:157][ERROR][{'msg': '短链接不存在', 'code': -8, 'short_url': 'staticadmincssdashboard.css'}]
[asctime][Thread-5:2380][task_id:shorturlapp.views][views.py:157][ERROR][{'msg': '短链接不存在', 'code': -8, 'short_url': 'staticadmincssresponsive.css'}]
[asctime][Thread-2:9680][task_id:shorturlapp.views][views.py:157][ERROR][{'msg': '短链接不存在', 'code': -8, 'short_url': 'staticadmincssbase.css'}]
[asctime][Thread-4:6192][task_id:shorturlapp.views][views.py:157][ERROR][{'msg': '短链接不存在', 'code': -8, 'short_url': 'staticadmincssdashboard.css'}]
[asctime][Thread-5:12744][task_id:shorturlapp.views][views.py:157][ERROR][{'msg': '短链接不存在', 'code': -8, 'short_url': 'staticadmincssresponsive.css'}]
[asctime][Thread-7:8228][task_id:shorturlapp.views][views.py:157][ERROR][{'msg': '短链接不存在', 'code': -8, 'short_url': 'login'}]
[asctime][Thread-12:7172][task_id:shorturlapp.views][views.py:157][ERROR][{'msg': '短链接不存在', 'code': -8, 'short_url': 'staticadmincssbase.css'}]
[asctime][Thread-13:14436][task_id:shorturlapp.views][views.py:157][ERROR][{'msg': '短链接不存在', 'code': -8, 'short_url': 'staticadmincssdashboard.css'}]
[asctime][Thread-14:16004][task_id:shorturlapp.views][views.py:157][ERROR][{'msg': '短链接不存在', 'code': -8, 'short_url': 'staticadmincssresponsive.css'}]
[asctime][Thread-16:11640][task_id:shorturlapp.views][views.py:157][ERROR][{'msg': '短链接不存在', 'code': -8, 'short_url': 'staticadmincssbase.css'}]
[asctime][Thread-17:10856][task_id:shorturlapp.views][views.py:157][ERROR][{'msg': '短链接不存在', 'code': -8, 'short_url': 'staticadmincssresponsive.css'}]
[asctime][Thread-20:16044][task_id:shorturlapp.views][views.py:157][ERROR][{'msg': '短链接不存在', 'code': -8, 'short_url': 'staticadmincssbase.css'}]
[asctime][Thread-21:5312][task_id:shorturlapp.views][views.py:157][ERROR][{'msg': '短链接不存在', 'code': -8, 'short_url': 'staticadmincsslogin.css'}]
[asctime][Thread-22:13272][task_id:shorturlapp.views][views.py:157][ERROR][{'msg': '短链接不存在', 'code': -8, 'short_url': 'staticadmincssresponsive.css'}]
[asctime][Thread-25:6256][task_id:shorturlapp.views][views.py:157][ERROR][{'msg': '短链接不存在', 'code': -8, 'short_url': 'staticadmincssbase.css'}]
[asctime][Thread-26:13728][task_id:shorturlapp.views][views.py:157][ERROR][{'msg': '短链接不存在', 'code': -8, 'short_url': 'staticadmincssdashboard.css'}]
[asctime][Thread-27:11576][task_id:shorturlapp.views][views.py:157][ERROR][{'msg': '短链接不存在', 'code': -8, 'short_url': 'staticadmincssresponsive.css'}]
[asctime][Thread-29:8544][task_id:shorturlapp.views][views.py:157][ERROR][{'msg': '短链接不存在', 'code': -8, 'short_url': 'staticadmincssbase.css'}]
[asctime][Thread-30:14680][task_id:shorturlapp.views][views.py:157][ERROR][{'msg': '短链接不存在', 'code': -8, 'short_url': 'staticadmincssforms.css'}]
[asctime][Thread-32:11508][task_id:shorturlapp.views][views.py:157][ERROR][{'msg': '短链接不存在', 'code': -8, 'short_url': 'staticadminjsvendorjqueryjquery.min.js'}]
[asctime][Thread-33:16368][task_id:shorturlapp.views][views.py:157][ERROR][{'msg': '短链接不存在', 'code': -8, 'short_url': 'staticadmincssresponsive.css'}]
[asctime][Thread-34:5300][task_id:shorturlapp.views][views.py:157][ERROR][{'msg': '短链接不存在', 'code': -8, 'short_url': 'staticadminjsjquery.init.js'}]
[asctime][Thread-35:12652][task_id:shorturlapp.views][views.py:157][ERROR][{'msg': '短链接不存在', 'code': -8, 'short_url': 'staticadminjscore.js'}]
[asctime][Thread-36:12092][task_id:shorturlapp.views][views.py:157][ERROR][{'msg': '短链接不存在', 'code': -8, 'short_url': 'staticadminjsadminRelatedObjectLookups.js'}]
[asctime][Thread-38:10824][task_id:shorturlapp.views][views.py:157][ERROR][{'msg': '短链接不存在', 'code': -8, 'short_url': 'staticadminjsurlify.js'}]
[asctime][Thread-37:9188][task_id:shorturlapp.views][views.py:157][ERROR][{'msg': '短链接不存在', 'code': -8, 'short_url': 'staticadminjsactions.min.js'}]
[asctime][Thread-39:8764][task_id:shorturlapp.views][views.py:157][ERROR][{'msg': '短链接不存在', 'code': -8, 'short_url': 'staticadminjsprepopulate.min.js'}]
[asctime][Thread-40:9500][task_id:shorturlapp.views][views.py:157][ERROR][{'msg': '短链接不存在', 'code': -8, 'short_url': 'staticadminjsvendorxregexpxregexp.min.js'}]
[asctime][Thread-41:9664][task_id:shorturlapp.views][views.py:157][ERROR][{'msg': '短链接不存在', 'code': -8, 'short_url': 'staticadminjsSelectBox.js'}]
[asctime][Thread-42:7248][task_id:shorturlapp.views][views.py:157][ERROR][{'msg': '短链接不存在', 'code': -8, 'short_url': 'staticadminjsSelectFilter2.js'}]
[asctime][Thread-43:3220][task_id:shorturlapp.views][views.py:157][ERROR][{'msg': '短链接不存在', 'code': -8, 'short_url': 'staticadminjschange_form.js'}]
[asctime][Thread-44:15560][task_id:shorturlapp.views][views.py:157][ERROR][{'msg': '短链接不存在', 'code': -8, 'short_url': 'staticadminjsprepopulate_init.js'}]
[asctime][Thread-46:4128][task_id:shorturlapp.views][views.py:157][ERROR][{'msg': '短链接不存在', 'code': -8, 'short_url': 'staticadmincssbase.css'}]
[asctime][Thread-47:11120][task_id:shorturlapp.views][views.py:157][ERROR][{'msg': '短链接不存在', 'code': -8, 'short_url': 'staticadmincssdashboard.css'}]
[asctime][Thread-48:13792][task_id:shorturlapp.views][views.py:157][ERROR][{'msg': '短链接不存在', 'code': -8, 'short_url': 'staticadmincssresponsive.css'}]
[asctime][Thread-2:1104][task_id:shorturlapp.views][views.py:157][ERROR][{'msg': '短链接不存在', 'code': -8, 'short_url': 'staticadmincssbase.css'}]
[asctime][Thread-4:13428][task_id:shorturlapp.views][views.py:157][ERROR][{'msg': '短链接不存在', 'code': -8, 'short_url': 'staticadmincssdashboard.css'}]
[asctime][Thread-5:7808][task_id:shorturlapp.views][views.py:157][ERROR][{'msg': '短链接不存在', 'code': -8, 'short_url': 'staticadmincssresponsive.css'}]
[asctime][Thread-6:13724][task_id:shorturlapp.views][views.py:157][ERROR][{'msg': '短链接不存在', 'code': -8, 'short_url': 'staticadmincssbase.css'}]
[asctime][Thread-8:9236][task_id:shorturlapp.views][views.py:157][ERROR][{'msg': '短链接不存在', 'code': -8, 'short_url': 'staticadmincssdashboard.css'}]
[asctime][Thread-9:14468][task_id:shorturlapp.views][views.py:157][ERROR][{'msg': '短链接不存在', 'code': -8, 'short_url': 'staticadmincssresponsive.css'}]
[asctime][Thread-14:11128][task_id:shorturlapp.views][views.py:157][ERROR][{'msg': '短链接不存在', 'code': -8, 'short_url': 'amdin'}]
[asctime][Thread-16:16052][task_id:shorturlapp.views][views.py:157][ERROR][{'msg': '短链接不存在', 'code': -8, 'short_url': 'staticadmincssbase.css'}]
[asctime][Thread-17:7068][task_id:shorturlapp.views][views.py:157][ERROR][{'msg': '短链接不存在', 'code': -8, 'short_url': 'staticadmincssdashboard.css'}]
[asctime][Thread-18:8432][task_id:shorturlapp.views][views.py:157][ERROR][{'msg': '短链接不存在', 'code': -8, 'short_url': 'staticadmincssresponsive.css'}]
[asctime][Thread-3:13848][task_id:shorturlapp.views][views.py:157][ERROR][{'msg': '短链接不存在', 'code': -8, 'short_url': 'staticadmincssbase.css'}]
[asctime][Thread-4:9876][task_id:shorturlapp.views][views.py:157][ERROR][{'msg': '短链接不存在', 'code': -8, 'short_url': 'staticadmincssdashboard.css'}]
[asctime][Thread-5:3216][task_id:shorturlapp.views][views.py:157][ERROR][{'msg': '短链接不存在', 'code': -8, 'short_url': 'staticadmincssresponsive.css'}]
[asctime][Thread-6:9212][task_id:shorturlapp.views][views.py:157][ERROR][{'msg': '短链接不存在', 'code': -8, 'short_url': 'staticadmincssbase.css'}]
[asctime][Thread-8:3584][task_id:shorturlapp.views][views.py:157][ERROR][{'msg': '短链接不存在', 'code': -8, 'short_url': 'staticadmincssdashboard.css'}]
[asctime][Thread-9:6944][task_id:shorturlapp.views][views.py:157][ERROR][{'msg': '短链接不存在', 'code': -8, 'short_url': 'staticadmincssresponsive.css'}]
[asctime][Thread-11:2560][task_id:shorturlapp.views][views.py:157][ERROR][{'msg': '短链接不存在', 'code': -8, 'short_url': 'staticadmincssbase.css'}]
[asctime][Thread-12:9920][task_id:shorturlapp.views][views.py:157][ERROR][{'msg': '短链接不存在', 'code': -8, 'short_url': 'staticadmincssdashboard.css'}]
[asctime][Thread-13:9576][task_id:shorturlapp.views][views.py:157][ERROR][{'msg': '短链接不存在', 'code': -8, 'short_url': 'staticadmincssresponsive.css'}]
[asctime][Thread-3:15108][task_id:shorturlapp.views][views.py:157][ERROR][{'msg': '短链接不存在', 'code': -8, 'short_url': 'staticadmincssbase.css'}]
[asctime][Thread-4:11480][task_id:shorturlapp.views][views.py:157][ERROR][{'msg': '短链接不存在', 'code': -8, 'short_url': 'staticadmincssdashboard.css'}]
[asctime][Thread-5:4468][task_id:shorturlapp.views][views.py:157][ERROR][{'msg': '短链接不存在', 'code': -8, 'short_url': 'staticadmincssresponsive.css'}]
[asctime][Thread-8:2296][task_id:shorturlapp.views][views.py:157][ERROR][{'msg': '短链接不存在', 'code': -8, 'short_url': 'staticadmincssresponsive.css'}]
[asctime][Thread-6:10908][task_id:shorturlapp.views][views.py:157][ERROR][{'msg': '短链接不存在', 'code': -8, 'short_url': 'staticadmincssbase.css'}]
[asctime][Thread-9:14264][task_id:shorturlapp.views][views.py:157][ERROR][{'msg': '短链接不存在', 'code': -8, 'short_url': 'staticadmincssdashboard.css'}]
[asctime][Thread-13:13336][task_id:shorturlapp.views][views.py:157][ERROR][{'msg': '短链接不存在', 'code': -8, 'short_url': 'staticadmincssbase.css'}]
[asctime][Thread-14:11068][task_id:shorturlapp.views][views.py:157][ERROR][{'msg': '短链接不存在', 'code': -8, 'short_url': 'staticadmincsslogin.css'}]
[asctime][Thread-15:13632][task_id:shorturlapp.views][views.py:157][ERROR][{'msg': '短链接不存在', 'code': -8, 'short_url': 'staticadmincssresponsive.css'}]
[asctime][Thread-3:12184][task_id:shorturlapp.views][views.py:157][ERROR][{'msg': '短链接不存在', 'code': -8, 'short_url': 'staticadmincssbase.css'}]
[asctime][Thread-4:7784][task_id:shorturlapp.views][views.py:157][ERROR][{'msg': '短链接不存在', 'code': -8, 'short_url': 'staticadmincssdashboard.css'}]
[asctime][Thread-5:2056][task_id:shorturlapp.views][views.py:157][ERROR][{'msg': '短链接不存在', 'code': -8, 'short_url': 'staticadmincssresponsive.css'}]
[asctime][Thread-3:14000][task_id:shorturlapp.views][views.py:157][ERROR][{'msg': '短链接不存在', 'code': -8, 'short_url': 'staticadmincssbase.css'}]
[asctime][Thread-4:3440][task_id:shorturlapp.views][views.py:157][ERROR][{'msg': '短链接不存在', 'code': -8, 'short_url': 'staticadmincssresponsive.css'}]
[asctime][Thread-5:6640][task_id:shorturlapp.views][views.py:157][ERROR][{'msg': '短链接不存在', 'code': -8, 'short_url': 'staticadmincsslogin.css'}]
[asctime][Thread-9:8112][task_id:shorturlapp.views][views.py:157][ERROR][{'msg': '短链接不存在', 'code': -8, 'short_url': 'staticjsjquery.min.js'}]
[asctime][Thread-3:13480][task_id:shorturlapp.views][views.py:157][ERROR][{'msg': '短链接不存在', 'code': -8, 'short_url': 'staticjsjquery.min.js'}]
[asctime][Thread-4:4468][task_id:shorturlapp.views][views.py:157][ERROR][{'msg': '短链接不存在', 'code': -8, 'short_url': 'staticadmincssbase.css'}]
[asctime][Thread-6:3660][task_id:shorturlapp.views][views.py:157][ERROR][{'msg': '短链接不存在', 'code': -8, 'short_url': 'staticadmincssdashboard.css'}]
[asctime][Thread-7:15212][task_id:shorturlapp.views][views.py:157][ERROR][{'msg': '短链接不存在', 'code': -8, 'short_url': 'staticadmincssresponsive.css'}]
[asctime][Thread-5:11816][task_id:shorturlapp.views][views.py:157][ERROR][{'msg': '短链接不存在', 'code': -8, 'short_url': 'staticadmincssbase.css'}]
[asctime][Thread-6:9072][task_id:shorturlapp.views][views.py:157][ERROR][{'msg': '短链接不存在', 'code': -8, 'short_url': 'staticadmincssdashboard.css'}]
[asctime][Thread-7:3940][task_id:shorturlapp.views][views.py:157][ERROR][{'msg': '短链接不存在', 'code': -8, 'short_url': 'staticadmincssresponsive.css'}]
[asctime][MainThread:7308][task_id:shorturlapp.views][views.py:82][ERROR][long_url:www.bai-du.com/1?dsaf!3@.sdf-格式错误]
[asctime][MainThread:7308][task_id:shorturlapp.views][views.py:82][ERROR][long_url:http://www.baidu.co-m/1?dsaf!3@.sdf-格式错误]
[asctime][MainThread:7308][task_id:shorturlapp.views][views.py:82][ERROR][long_url:http://www.baid@u.co-m/1?dsaf!3@.sdf-格式错误]
[asctime][MainThread:7308][task_id:shorturlapp.views][views.py:82][ERROR][long_url:http://fdsafdasfsaf/1?dsaf!3@.sdf-格式错误]
[asctime][MainThread:7308][task_id:shorturlapp.views][views.py:82][ERROR][long_url:http://fdafasfsafdsaf格式错误]
[asctime][MainThread:7308][task_id:shorturlapp.views][views.py:82][ERROR][long_url:http://fdafasfsafdsaf/格式错误]
[asctime][MainThread:7308][task_id:shorturlapp.views][views.py:82][ERROR][long_url:http:///fdafasfsafdsaf/格式错误]
[asctime][MainThread:7308][task_id:shorturlapp.views][views.py:98][ERROR][长链接:http://www.adfsafdfdsafsadfasfasfasfasfdsafsafsadfsafdsafvdsfgfdggfdsgsdfgsdfgdsgfdsgsdfgsdfgsdfgdsfgsdfgsdfgsdfgsdfgdsfgsdfgsdfgsfdgfdsgsdfgsdgfsdgsfdgsdfgsdfgsdfgsdfgdsfg-gfdsgfdsgsfdgds-fg-dfsg-dfsggfdsgfsdgsdfgsdfgsdfgdsfgsdfgdsfgsdfgsdfgsdfgsdfvdsfgdsfgdfgdfsgsdfggfdsgsdfgsdfgfdsgsdfgsdgfsdgsdfgsdfgsdfgsdfgsdfgdfgdfsgsdfgsgfsdgsfdggfdsgsdfgsdfgsdfgsdfgsdfgsdfgfdsgsdfgsdfgdsfgdfsgdsfgsdfgsdfgdsfgdfgfdsafasdfasdfa.com超出最大长度:200]
[asctime][MainThread:7308][task_id:shorturlapp.url_handle][url_handle.py:200][ERROR][输入的短链接key:a阿萨!#$%!含有非法字符]
[asctime][MainThread:7308][task_id:shorturlapp.views][views.py:94][ERROR][输入的短链接key:a阿萨!#$%!有误]
[asctime][MainThread:7308][task_id:shorturlapp.url_handle][url_handle.py:197][ERROR][输入的短链接key:admin已存在]
[asctime][MainThread:7308][task_id:shorturlapp.views][views.py:90][ERROR][短链接:admin已被使用]
[asctime][MainThread:7308][task_id:shorturlapp.url_handle][url_handle.py:197][ERROR][输入的短链接key:setshorturl?123已存在]
[asctime][MainThread:7308][task_id:shorturlapp.views][views.py:90][ERROR][短链接:setshorturl?123已被使用]
[asctime][MainThread:7308][task_id:shorturlapp.url_handle][url_handle.py:197][ERROR][输入的短链接key:admin/123已存在]
[asctime][MainThread:7308][task_id:shorturlapp.views][views.py:90][ERROR][短链接:admin/123已被使用]
[asctime][MainThread:7308][task_id:shorturlapp.url_handle][url_handle.py:200][ERROR][输入的短链接key:admindd?含有非法字符]
[asctime][MainThread:7308][task_id:shorturlapp.views][views.py:94][ERROR][输入的短链接key:admindd?有误]
[asctime][MainThread:7308][task_id:shorturlapp.url_handle][url_handle.py:200][ERROR][输入的短链接key:admindd/含有非法字符]
[asctime][MainThread:7308][task_id:shorturlapp.views][views.py:94][ERROR][输入的短链接key:admindd/有误]
[asctime][MainThread:7308][task_id:shorturlapp.url_handle][url_handle.py:200][ERROR][输入的短链接key:admindd\含有非法字符]
[asctime][MainThread:7308][task_id:shorturlapp.views][views.py:94][ERROR][输入的短链接key:admindd\有误]
[asctime][MainThread:7308][task_id:shorturlapp.views][views.py:102][ERROR][短链接key:qqqqqqqqqqqqqqqqqqqqqqqqqqqqqqqqqqqqqqqqqqqqqqqqqqqqqqqqqqqqqqqqqqqqqqqqqqqqqqqqqqqqqqqqqqqqqqqqqqqqqqqqqqqqqqqqqqqqqqqqqqqqqqqqqqqqqqqqqqqqqqqqqqqqqqqqqqqqqqqqqqqqqqqqqqqqqqqqqqqqqq超出最大长度:50]
